{
  "uid" : "16092dcf8189c50c",
  "name" : "User can successfully open a new account of 'Savings' type.",
  "fullName" : "tests.core_features.test_new_account_opening.TestNewAccountOpening#test_new_savings_account_opening",
  "historyId" : "2a4cfc5b7c6c65ba774cc128fb6c0fb8",
  "time" : {
    "start" : 1704874983398,
    "stop" : 1704874984971,
    "duration" : 1573
  },
  "status" : "broken",
  "statusMessage" : "selenium.common.exceptions.StaleElementReferenceException: Message: stale element reference: stale element not found\n  (Session info: headless chrome=119.0.6045.159); For documentation on this error, please visit: https://www.selenium.dev/documentation/webdriver/troubleshooting/errors#stale-element-reference-exception",
  "statusTrace" : "tests/core_features/test_new_account_opening.py:84: in test_new_savings_account_opening\n    open_new_account_page.from_account_dropdown.select_by_index(0)\n        accounts_overview_page = <src.pages.accounts_overview_page.AccountsOverviewPage object at 0x7f6f72587190>\n        driver     = <selenium.webdriver.chrome.webdriver.WebDriver (session=\"aedd67b6fcc49c760446b8eb1afeb4df\")>\n        home_page  = <src.pages.home_page.HomePage object at 0x7f6f72587590>\n        open_new_account_page = <src.pages.open_new_account_page.OpenNewAccountPage object at 0x7f6f7261ab50>\n        self       = <test_new_account_opening.TestNewAccountOpening object at 0x7f6f7747d390>\nsrc/base/base_element.py:46: in select_by_index\n    select.select_by_index(index)\n        index      = 0\n        select     = <selenium.webdriver.support.select.Select object at 0x7f6f75683a50>\n        self       = <src.base.base_element.BaseElement object at 0x7f6f75688a10>\n../local/lib/python3.11/site-packages/selenium/webdriver/support/select.py:97: in select_by_index\n    if opt.get_attribute(\"index\") == match:\n        index      = 0\n        match      = '0'\n        opt        = <selenium.webdriver.remote.webelement.WebElement (session=\"aedd67b6fcc49c760446b8eb1afeb4df\", element=\"B0FB4E3200F871152B79D7143D960FFD_element_103\")>\n        self       = <selenium.webdriver.support.select.Select object at 0x7f6f75683a50>\n../local/lib/python3.11/site-packages/selenium/webdriver/remote/webelement.py:177: in get_attribute\n    attribute_value = self.parent.execute_script(\n        name       = 'index'\n        self       = <selenium.webdriver.remote.webelement.WebElement (session=\"aedd67b6fcc49c760446b8eb1afeb4df\", element=\"B0FB4E3200F871152B79D7143D960FFD_element_103\")>\n../local/lib/python3.11/site-packages/selenium/webdriver/remote/webdriver.py:407: in execute_script\n    return self.execute(command, {\"script\": script, \"args\": converted_args})[\"value\"]\n        args       = (<selenium.webdriver.remote.webelement.WebElement (session=\"aedd67b6fcc49c760446b8eb1afeb4df\", element=\"B0FB4E3200F871152B79D7143D960FFD_element_103\")>, 'index')\n        command    = 'w3cExecuteScript'\n        converted_args = [<selenium.webdriver.remote.webelement.WebElement (session=\"aedd67b6fcc49c760446b8eb1afeb4df\", element=\"B0FB4E3200F871152B79D7143D960FFD_element_103\")>, 'index']\n        script     = '/* getAttribute */return (function(){return (function(){var h=this||self;function aa(a){return\"string\"==typeof a}func...ow.navigator:null,document:typeof window!=\\'undefined\\'?window.document:null}, arguments);}\\n).apply(null, arguments);'\n        self       = <selenium.webdriver.chrome.webdriver.WebDriver (session=\"aedd67b6fcc49c760446b8eb1afeb4df\")>\n../local/lib/python3.11/site-packages/selenium/webdriver/remote/webdriver.py:347: in execute\n    self.error_handler.check_response(response)\n        driver_command = 'w3cExecuteScript'\n        params     = {'args': [{'element-6066-11e4-a52e-4f735466cecf': 'B0FB4E3200F871152B79D7143D960FFD_element_103'}, 'index'], 'script':...w.navigator:null,document:typeof window!=\\'undefined\\'?window.document:null}, arguments);}\\n).apply(null, arguments);'}\n        response   = {'status': 404, 'value': '{\"value\":{\"error\":\"stale element reference\",\"message\":\"stale element reference: stale element not found\\\\n  (Session info: headless chrome=119.0.6045.159)\",\"stacktrace\":\"\"}}'}\n        self       = <selenium.webdriver.chrome.webdriver.WebDriver (session=\"aedd67b6fcc49c760446b8eb1afeb4df\")>\n../local/lib/python3.11/site-packages/selenium/webdriver/remote/errorhandler.py:229: in check_response\n    raise exception_class(message, screen, stacktrace)\nE   selenium.common.exceptions.StaleElementReferenceException: Message: stale element reference: stale element not found\nE     (Session info: headless chrome=119.0.6045.159); For documentation on this error, please visit: https://www.selenium.dev/documentation/webdriver/troubleshooting/errors#stale-element-reference-exception\n        e          = <selenium.webdriver.remote.errorhandler.ErrorCode object at 0x7f6f75688190>\n        error_code = 'STALE_ELEMENT_REFERENCE'\n        error_codes = ['ELEMENT_CLICK_INTERCEPTED', 'ELEMENT_IS_NOT_SELECTABLE', 'ELEMENT_NOT_INTERACTABLE', 'ELEMENT_NOT_VISIBLE', 'IME_ENGINE_ACTIVATION_FAILED', 'IME_NOT_AVAILABLE', ...]\n        error_info = [10, 'stale element reference']\n        exception_class = <class 'selenium.common.exceptions.StaleElementReferenceException'>\n        json       = <module 'json' from '/usr/local/lib/python3.11/json/__init__.py'>\n        message    = 'stale element reference: stale element not found\\n  (Session info: headless chrome=119.0.6045.159)'\n        response   = {'status': 404, 'value': '{\"value\":{\"error\":\"stale element reference\",\"message\":\"stale element reference: stale element not found\\\\n  (Session info: headless chrome=119.0.6045.159)\",\"stacktrace\":\"\"}}'}\n        screen     = None\n        self       = <selenium.webdriver.remote.errorhandler.ErrorHandler object at 0x7f6f72619950>\n        st_value   = ''\n        stacktrace = None\n        status     = 'stale element reference'\n        value      = {'error': 'stale element reference', 'message': 'stale element reference: stale element not found\\n  (Session info: headless chrome=119.0.6045.159)', 'stacktrace': ''}\n        value_json = '{\"value\":{\"error\":\"stale element reference\",\"message\":\"stale element reference: stale element not found\\\\n  (Session info: headless chrome=119.0.6045.159)\",\"stacktrace\":\"\"}}'",
  "flaky" : false,
  "newFailed" : false,
  "beforeStages" : [ {
    "name" : "_session_faker",
    "time" : {
      "start" : 1704874896573,
      "stop" : 1704874896593,
      "duration" : 20
    },
    "status" : "passed",
    "steps" : [ ],
    "attachments" : [ ],
    "parameters" : [ ],
    "attachmentsCount" : 0,
    "shouldDisplayMessage" : false,
    "stepsCount" : 0,
    "hasContent" : false
  }, {
    "name" : "Initialize driver",
    "time" : {
      "start" : 1704874982565,
      "stop" : 1704874983398,
      "duration" : 833
    },
    "status" : "passed",
    "steps" : [ ],
    "attachments" : [ ],
    "parameters" : [ ],
    "attachmentsCount" : 0,
    "shouldDisplayMessage" : false,
    "stepsCount" : 0,
    "hasContent" : false
  }, {
    "name" : "Health check request",
    "time" : {
      "start" : 1704874896594,
      "stop" : 1704874897229,
      "duration" : 635
    },
    "status" : "passed",
    "steps" : [ ],
    "attachments" : [ ],
    "parameters" : [ ],
    "attachmentsCount" : 0,
    "shouldDisplayMessage" : false,
    "stepsCount" : 0,
    "hasContent" : false
  } ],
  "testStage" : {
    "status" : "broken",
    "statusMessage" : "selenium.common.exceptions.StaleElementReferenceException: Message: stale element reference: stale element not found\n  (Session info: headless chrome=119.0.6045.159); For documentation on this error, please visit: https://www.selenium.dev/documentation/webdriver/troubleshooting/errors#stale-element-reference-exception",
    "statusTrace" : "tests/core_features/test_new_account_opening.py:84: in test_new_savings_account_opening\n    open_new_account_page.from_account_dropdown.select_by_index(0)\n        accounts_overview_page = <src.pages.accounts_overview_page.AccountsOverviewPage object at 0x7f6f72587190>\n        driver     = <selenium.webdriver.chrome.webdriver.WebDriver (session=\"aedd67b6fcc49c760446b8eb1afeb4df\")>\n        home_page  = <src.pages.home_page.HomePage object at 0x7f6f72587590>\n        open_new_account_page = <src.pages.open_new_account_page.OpenNewAccountPage object at 0x7f6f7261ab50>\n        self       = <test_new_account_opening.TestNewAccountOpening object at 0x7f6f7747d390>\nsrc/base/base_element.py:46: in select_by_index\n    select.select_by_index(index)\n        index      = 0\n        select     = <selenium.webdriver.support.select.Select object at 0x7f6f75683a50>\n        self       = <src.base.base_element.BaseElement object at 0x7f6f75688a10>\n../local/lib/python3.11/site-packages/selenium/webdriver/support/select.py:97: in select_by_index\n    if opt.get_attribute(\"index\") == match:\n        index      = 0\n        match      = '0'\n        opt        = <selenium.webdriver.remote.webelement.WebElement (session=\"aedd67b6fcc49c760446b8eb1afeb4df\", element=\"B0FB4E3200F871152B79D7143D960FFD_element_103\")>\n        self       = <selenium.webdriver.support.select.Select object at 0x7f6f75683a50>\n../local/lib/python3.11/site-packages/selenium/webdriver/remote/webelement.py:177: in get_attribute\n    attribute_value = self.parent.execute_script(\n        name       = 'index'\n        self       = <selenium.webdriver.remote.webelement.WebElement (session=\"aedd67b6fcc49c760446b8eb1afeb4df\", element=\"B0FB4E3200F871152B79D7143D960FFD_element_103\")>\n../local/lib/python3.11/site-packages/selenium/webdriver/remote/webdriver.py:407: in execute_script\n    return self.execute(command, {\"script\": script, \"args\": converted_args})[\"value\"]\n        args       = (<selenium.webdriver.remote.webelement.WebElement (session=\"aedd67b6fcc49c760446b8eb1afeb4df\", element=\"B0FB4E3200F871152B79D7143D960FFD_element_103\")>, 'index')\n        command    = 'w3cExecuteScript'\n        converted_args = [<selenium.webdriver.remote.webelement.WebElement (session=\"aedd67b6fcc49c760446b8eb1afeb4df\", element=\"B0FB4E3200F871152B79D7143D960FFD_element_103\")>, 'index']\n        script     = '/* getAttribute */return (function(){return (function(){var h=this||self;function aa(a){return\"string\"==typeof a}func...ow.navigator:null,document:typeof window!=\\'undefined\\'?window.document:null}, arguments);}\\n).apply(null, arguments);'\n        self       = <selenium.webdriver.chrome.webdriver.WebDriver (session=\"aedd67b6fcc49c760446b8eb1afeb4df\")>\n../local/lib/python3.11/site-packages/selenium/webdriver/remote/webdriver.py:347: in execute\n    self.error_handler.check_response(response)\n        driver_command = 'w3cExecuteScript'\n        params     = {'args': [{'element-6066-11e4-a52e-4f735466cecf': 'B0FB4E3200F871152B79D7143D960FFD_element_103'}, 'index'], 'script':...w.navigator:null,document:typeof window!=\\'undefined\\'?window.document:null}, arguments);}\\n).apply(null, arguments);'}\n        response   = {'status': 404, 'value': '{\"value\":{\"error\":\"stale element reference\",\"message\":\"stale element reference: stale element not found\\\\n  (Session info: headless chrome=119.0.6045.159)\",\"stacktrace\":\"\"}}'}\n        self       = <selenium.webdriver.chrome.webdriver.WebDriver (session=\"aedd67b6fcc49c760446b8eb1afeb4df\")>\n../local/lib/python3.11/site-packages/selenium/webdriver/remote/errorhandler.py:229: in check_response\n    raise exception_class(message, screen, stacktrace)\nE   selenium.common.exceptions.StaleElementReferenceException: Message: stale element reference: stale element not found\nE     (Session info: headless chrome=119.0.6045.159); For documentation on this error, please visit: https://www.selenium.dev/documentation/webdriver/troubleshooting/errors#stale-element-reference-exception\n        e          = <selenium.webdriver.remote.errorhandler.ErrorCode object at 0x7f6f75688190>\n        error_code = 'STALE_ELEMENT_REFERENCE'\n        error_codes = ['ELEMENT_CLICK_INTERCEPTED', 'ELEMENT_IS_NOT_SELECTABLE', 'ELEMENT_NOT_INTERACTABLE', 'ELEMENT_NOT_VISIBLE', 'IME_ENGINE_ACTIVATION_FAILED', 'IME_NOT_AVAILABLE', ...]\n        error_info = [10, 'stale element reference']\n        exception_class = <class 'selenium.common.exceptions.StaleElementReferenceException'>\n        json       = <module 'json' from '/usr/local/lib/python3.11/json/__init__.py'>\n        message    = 'stale element reference: stale element not found\\n  (Session info: headless chrome=119.0.6045.159)'\n        response   = {'status': 404, 'value': '{\"value\":{\"error\":\"stale element reference\",\"message\":\"stale element reference: stale element not found\\\\n  (Session info: headless chrome=119.0.6045.159)\",\"stacktrace\":\"\"}}'}\n        screen     = None\n        self       = <selenium.webdriver.remote.errorhandler.ErrorHandler object at 0x7f6f72619950>\n        st_value   = ''\n        stacktrace = None\n        status     = 'stale element reference'\n        value      = {'error': 'stale element reference', 'message': 'stale element reference: stale element not found\\n  (Session info: headless chrome=119.0.6045.159)', 'stacktrace': ''}\n        value_json = '{\"value\":{\"error\":\"stale element reference\",\"message\":\"stale element reference: stale element not found\\\\n  (Session info: headless chrome=119.0.6045.159)\",\"stacktrace\":\"\"}}'",
    "steps" : [ {
      "name" : "Navigate to Home page",
      "time" : {
        "start" : 1704874983398,
        "stop" : 1704874984055,
        "duration" : 657
      },
      "status" : "passed",
      "steps" : [ ],
      "attachments" : [ ],
      "parameters" : [ ],
      "attachmentsCount" : 0,
      "shouldDisplayMessage" : false,
      "stepsCount" : 0,
      "hasContent" : false
    }, {
      "name" : "Fill in valid username and password",
      "time" : {
        "start" : 1704874984055,
        "stop" : 1704874984207,
        "duration" : 152
      },
      "status" : "passed",
      "steps" : [ ],
      "attachments" : [ ],
      "parameters" : [ ],
      "attachmentsCount" : 0,
      "shouldDisplayMessage" : false,
      "stepsCount" : 0,
      "hasContent" : false
    }, {
      "name" : "Log in",
      "time" : {
        "start" : 1704874984207,
        "stop" : 1704874984668,
        "duration" : 461
      },
      "status" : "passed",
      "steps" : [ ],
      "attachments" : [ ],
      "parameters" : [ ],
      "attachmentsCount" : 0,
      "shouldDisplayMessage" : false,
      "stepsCount" : 0,
      "hasContent" : false
    }, {
      "name" : "Navigate to Open New Account page",
      "time" : {
        "start" : 1704874984668,
        "stop" : 1704874984870,
        "duration" : 202
      },
      "status" : "passed",
      "steps" : [ ],
      "attachments" : [ ],
      "parameters" : [ ],
      "attachmentsCount" : 0,
      "shouldDisplayMessage" : false,
      "stepsCount" : 0,
      "hasContent" : false
    }, {
      "name" : "Select account of 'Savings' type",
      "time" : {
        "start" : 1704874984870,
        "stop" : 1704874984942,
        "duration" : 72
      },
      "status" : "passed",
      "steps" : [ ],
      "attachments" : [ ],
      "parameters" : [ ],
      "attachmentsCount" : 0,
      "shouldDisplayMessage" : false,
      "stepsCount" : 0,
      "hasContent" : false
    }, {
      "name" : "Select source account",
      "time" : {
        "start" : 1704874984942,
        "stop" : 1704874984969,
        "duration" : 27
      },
      "status" : "broken",
      "statusMessage" : "selenium.common.exceptions.StaleElementReferenceException: Message: stale element reference: stale element not found\n  (Session info: headless chrome=119.0.6045.159); For documentation on this error, please visit: https://www.selenium.dev/documentation/webdriver/troubleshooting/errors#stale-element-reference-exception\n\n",
      "statusTrace" : "  File \"/usr/workspace/tests/core_features/test_new_account_opening.py\", line 84, in test_new_savings_account_opening\n    open_new_account_page.from_account_dropdown.select_by_index(0)\n  File \"/usr/workspace/src/base/base_element.py\", line 46, in select_by_index\n    select.select_by_index(index)\n  File \"/usr/local/lib/python3.11/site-packages/selenium/webdriver/support/select.py\", line 97, in select_by_index\n    if opt.get_attribute(\"index\") == match:\n       ^^^^^^^^^^^^^^^^^^^^^^^^^^\n  File \"/usr/local/lib/python3.11/site-packages/selenium/webdriver/remote/webelement.py\", line 177, in get_attribute\n    attribute_value = self.parent.execute_script(\n                      ^^^^^^^^^^^^^^^^^^^^^^^^^^^\n  File \"/usr/local/lib/python3.11/site-packages/selenium/webdriver/remote/webdriver.py\", line 407, in execute_script\n    return self.execute(command, {\"script\": script, \"args\": converted_args})[\"value\"]\n           ^^^^^^^^^^^^^^^^^^^^^^^^^^^^^^^^^^^^^^^^^^^^^^^^^^^^^^^^^^^^^^^^^\n  File \"/usr/local/lib/python3.11/site-packages/selenium/webdriver/remote/webdriver.py\", line 347, in execute\n    self.error_handler.check_response(response)\n  File \"/usr/local/lib/python3.11/site-packages/selenium/webdriver/remote/errorhandler.py\", line 229, in check_response\n    raise exception_class(message, screen, stacktrace)\n",
      "steps" : [ ],
      "attachments" : [ ],
      "parameters" : [ ],
      "attachmentsCount" : 0,
      "shouldDisplayMessage" : true,
      "stepsCount" : 0,
      "hasContent" : true
    } ],
    "attachments" : [ ],
    "parameters" : [ ],
    "attachmentsCount" : 0,
    "shouldDisplayMessage" : true,
    "stepsCount" : 6,
    "hasContent" : true
  },
  "afterStages" : [ {
    "name" : "Initialize driver::0",
    "time" : {
      "start" : 1704874984997,
      "stop" : 1704874985054,
      "duration" : 57
    },
    "status" : "passed",
    "steps" : [ {
      "name" : "Terminate driver",
      "time" : {
        "start" : 1704874984997,
        "stop" : 1704874985054,
        "duration" : 57
      },
      "status" : "passed",
      "steps" : [ ],
      "attachments" : [ ],
      "parameters" : [ ],
      "attachmentsCount" : 0,
      "shouldDisplayMessage" : false,
      "stepsCount" : 0,
      "hasContent" : false
    } ],
    "attachments" : [ ],
    "parameters" : [ ],
    "attachmentsCount" : 0,
    "shouldDisplayMessage" : false,
    "stepsCount" : 1,
    "hasContent" : true
  } ],
  "labels" : [ {
    "name" : "epic",
    "value" : "PARA-15241: Account operations"
  }, {
    "name" : "severity",
    "value" : "Critical"
  }, {
    "name" : "feature",
    "value" : "PARA-15252: New account opening"
  }, {
    "name" : "tag",
    "value" : "smoke"
  }, {
    "name" : "parentSuite",
    "value" : "tests.core_features"
  }, {
    "name" : "suite",
    "value" : "test_new_account_opening"
  }, {
    "name" : "subSuite",
    "value" : "TestNewAccountOpening"
  }, {
    "name" : "host",
    "value" : "ad3f487d2607"
  }, {
    "name" : "thread",
    "value" : "1-MainThread"
  }, {
    "name" : "framework",
    "value" : "pytest"
  }, {
    "name" : "language",
    "value" : "cpython3"
  }, {
    "name" : "package",
    "value" : "tests.core_features.test_new_account_opening"
  }, {
    "name" : "resultFormat",
    "value" : "allure2"
  } ],
  "parameters" : [ ],
  "links" : [ ],
  "hidden" : true,
  "retry" : true,
  "extra" : {
    "categories" : [ ],
    "tags" : [ "smoke" ]
  },
  "source" : "16092dcf8189c50c.json",
  "parameterValues" : [ ]
}