{
  "uid" : "5fdec12c8695e595",
  "name" : "User can't transfer funds leaving amount field empty",
  "fullName" : "tests.core_features.test_funds_transfer.TestFundsTransfer#test_funds_transfer_with_empty_amount",
  "historyId" : "5d72f60001d4c80e4581c8fae63d198e",
  "time" : {
    "start" : 1705842782626,
    "stop" : 1705842785214,
    "duration" : 2588
  },
  "status" : "broken",
  "statusMessage" : "selenium.common.exceptions.StaleElementReferenceException: Message: stale element reference: stale element not found\n  (Session info: headless chrome=119.0.6045.159); For documentation on this error, please visit: https://www.selenium.dev/documentation/webdriver/troubleshooting/errors#stale-element-reference-exception",
  "statusTrace" : "tests/core_features/test_funds_transfer.py:122: in test_funds_transfer_with_empty_amount\n    open_new_account_page.from_account_dropdown.select_by_index(0)\n        checked_user = NewUser(first_name='Rebekah', last_name='Barnes', address='58938 Montes Wells Suite 758\\nEast Debrafurt, NH 30177', ci...='397.457.9890x792', ssn='274-54-5591', username='michellefischer', password='G!0kE4xRd&', email='linda89@example.net')\n        driver     = <selenium.webdriver.chrome.webdriver.WebDriver (session=\"f7a5fa7a15d81bf465ab3f64c8b43c0c\")>\n        new_user   = NewUser(first_name='Rebekah', last_name='Barnes', address='58938 Montes Wells Suite 758\\nEast Debrafurt, NH 30177', ci...='397.457.9890x792', ssn='274-54-5591', username='michellefischer', password='G!0kE4xRd&', email='linda89@example.net')\n        open_new_account_page = <src.pages.open_new_account_page.OpenNewAccountPage object at 0x7f5da7ac0390>\n        register_page = <src.pages.register_page.RegisterPage object at 0x7f5da617f0d0>\n        self       = <test_funds_transfer.TestFundsTransfer object at 0x7f5da91ff8d0>\nsrc/base/base_element.py:46: in select_by_index\n    select.select_by_index(index)\n        index      = 0\n        select     = <selenium.webdriver.support.select.Select object at 0x7f5da7ac0850>\n        self       = <src.base.base_element.BaseElement object at 0x7f5da7ac29d0>\n../local/lib/python3.11/site-packages/selenium/webdriver/support/select.py:97: in select_by_index\n    if opt.get_attribute(\"index\") == match:\n        index      = 0\n        match      = '0'\n        opt        = <selenium.webdriver.remote.webelement.WebElement (session=\"f7a5fa7a15d81bf465ab3f64c8b43c0c\", element=\"8FC19EDED2D5ACE106789155554828AB_element_131\")>\n        self       = <selenium.webdriver.support.select.Select object at 0x7f5da7ac0850>\n../local/lib/python3.11/site-packages/selenium/webdriver/remote/webelement.py:177: in get_attribute\n    attribute_value = self.parent.execute_script(\n        name       = 'index'\n        self       = <selenium.webdriver.remote.webelement.WebElement (session=\"f7a5fa7a15d81bf465ab3f64c8b43c0c\", element=\"8FC19EDED2D5ACE106789155554828AB_element_131\")>\n../local/lib/python3.11/site-packages/selenium/webdriver/remote/webdriver.py:407: in execute_script\n    return self.execute(command, {\"script\": script, \"args\": converted_args})[\"value\"]\n        args       = (<selenium.webdriver.remote.webelement.WebElement (session=\"f7a5fa7a15d81bf465ab3f64c8b43c0c\", element=\"8FC19EDED2D5ACE106789155554828AB_element_131\")>, 'index')\n        command    = 'w3cExecuteScript'\n        converted_args = [<selenium.webdriver.remote.webelement.WebElement (session=\"f7a5fa7a15d81bf465ab3f64c8b43c0c\", element=\"8FC19EDED2D5ACE106789155554828AB_element_131\")>, 'index']\n        script     = '/* getAttribute */return (function(){return (function(){var h=this||self;function aa(a){return\"string\"==typeof a}func...ow.navigator:null,document:typeof window!=\\'undefined\\'?window.document:null}, arguments);}\\n).apply(null, arguments);'\n        self       = <selenium.webdriver.chrome.webdriver.WebDriver (session=\"f7a5fa7a15d81bf465ab3f64c8b43c0c\")>\n../local/lib/python3.11/site-packages/selenium/webdriver/remote/webdriver.py:347: in execute\n    self.error_handler.check_response(response)\n        driver_command = 'w3cExecuteScript'\n        params     = {'args': [{'element-6066-11e4-a52e-4f735466cecf': '8FC19EDED2D5ACE106789155554828AB_element_131'}, 'index'], 'script':...w.navigator:null,document:typeof window!=\\'undefined\\'?window.document:null}, arguments);}\\n).apply(null, arguments);'}\n        response   = {'status': 404, 'value': '{\"value\":{\"error\":\"stale element reference\",\"message\":\"stale element reference: stale element not found\\\\n  (Session info: headless chrome=119.0.6045.159)\",\"stacktrace\":\"\"}}'}\n        self       = <selenium.webdriver.chrome.webdriver.WebDriver (session=\"f7a5fa7a15d81bf465ab3f64c8b43c0c\")>\n../local/lib/python3.11/site-packages/selenium/webdriver/remote/errorhandler.py:229: in check_response\n    raise exception_class(message, screen, stacktrace)\nE   selenium.common.exceptions.StaleElementReferenceException: Message: stale element reference: stale element not found\nE     (Session info: headless chrome=119.0.6045.159); For documentation on this error, please visit: https://www.selenium.dev/documentation/webdriver/troubleshooting/errors#stale-element-reference-exception\n        e          = <selenium.webdriver.remote.errorhandler.ErrorCode object at 0x7f5da7ac3850>\n        error_code = 'STALE_ELEMENT_REFERENCE'\n        error_codes = ['ELEMENT_CLICK_INTERCEPTED', 'ELEMENT_IS_NOT_SELECTABLE', 'ELEMENT_NOT_INTERACTABLE', 'ELEMENT_NOT_VISIBLE', 'IME_ENGINE_ACTIVATION_FAILED', 'IME_NOT_AVAILABLE', ...]\n        error_info = [10, 'stale element reference']\n        exception_class = <class 'selenium.common.exceptions.StaleElementReferenceException'>\n        json       = <module 'json' from '/usr/local/lib/python3.11/json/__init__.py'>\n        message    = 'stale element reference: stale element not found\\n  (Session info: headless chrome=119.0.6045.159)'\n        response   = {'status': 404, 'value': '{\"value\":{\"error\":\"stale element reference\",\"message\":\"stale element reference: stale element not found\\\\n  (Session info: headless chrome=119.0.6045.159)\",\"stacktrace\":\"\"}}'}\n        screen     = None\n        self       = <selenium.webdriver.remote.errorhandler.ErrorHandler object at 0x7f5da617d310>\n        st_value   = ''\n        stacktrace = None\n        status     = 'stale element reference'\n        value      = {'error': 'stale element reference', 'message': 'stale element reference: stale element not found\\n  (Session info: headless chrome=119.0.6045.159)', 'stacktrace': ''}\n        value_json = '{\"value\":{\"error\":\"stale element reference\",\"message\":\"stale element reference: stale element not found\\\\n  (Session info: headless chrome=119.0.6045.159)\",\"stacktrace\":\"\"}}'",
  "flaky" : false,
  "newFailed" : false,
  "beforeStages" : [ {
    "name" : "_session_faker",
    "time" : {
      "start" : 1705842674470,
      "stop" : 1705842674491,
      "duration" : 21
    },
    "status" : "passed",
    "steps" : [ ],
    "attachments" : [ ],
    "parameters" : [ ],
    "attachmentsCount" : 0,
    "shouldDisplayMessage" : false,
    "stepsCount" : 0,
    "hasContent" : false
  }, {
    "name" : "Health check request",
    "time" : {
      "start" : 1705842674491,
      "stop" : 1705842674944,
      "duration" : 453
    },
    "status" : "passed",
    "steps" : [ ],
    "attachments" : [ ],
    "parameters" : [ ],
    "attachmentsCount" : 0,
    "shouldDisplayMessage" : false,
    "stepsCount" : 0,
    "hasContent" : false
  }, {
    "name" : "Initialize driver",
    "time" : {
      "start" : 1705842781784,
      "stop" : 1705842782625,
      "duration" : 841
    },
    "status" : "passed",
    "steps" : [ ],
    "attachments" : [ ],
    "parameters" : [ ],
    "attachmentsCount" : 0,
    "shouldDisplayMessage" : false,
    "stepsCount" : 0,
    "hasContent" : false
  } ],
  "testStage" : {
    "status" : "broken",
    "statusMessage" : "selenium.common.exceptions.StaleElementReferenceException: Message: stale element reference: stale element not found\n  (Session info: headless chrome=119.0.6045.159); For documentation on this error, please visit: https://www.selenium.dev/documentation/webdriver/troubleshooting/errors#stale-element-reference-exception",
    "statusTrace" : "tests/core_features/test_funds_transfer.py:122: in test_funds_transfer_with_empty_amount\n    open_new_account_page.from_account_dropdown.select_by_index(0)\n        checked_user = NewUser(first_name='Rebekah', last_name='Barnes', address='58938 Montes Wells Suite 758\\nEast Debrafurt, NH 30177', ci...='397.457.9890x792', ssn='274-54-5591', username='michellefischer', password='G!0kE4xRd&', email='linda89@example.net')\n        driver     = <selenium.webdriver.chrome.webdriver.WebDriver (session=\"f7a5fa7a15d81bf465ab3f64c8b43c0c\")>\n        new_user   = NewUser(first_name='Rebekah', last_name='Barnes', address='58938 Montes Wells Suite 758\\nEast Debrafurt, NH 30177', ci...='397.457.9890x792', ssn='274-54-5591', username='michellefischer', password='G!0kE4xRd&', email='linda89@example.net')\n        open_new_account_page = <src.pages.open_new_account_page.OpenNewAccountPage object at 0x7f5da7ac0390>\n        register_page = <src.pages.register_page.RegisterPage object at 0x7f5da617f0d0>\n        self       = <test_funds_transfer.TestFundsTransfer object at 0x7f5da91ff8d0>\nsrc/base/base_element.py:46: in select_by_index\n    select.select_by_index(index)\n        index      = 0\n        select     = <selenium.webdriver.support.select.Select object at 0x7f5da7ac0850>\n        self       = <src.base.base_element.BaseElement object at 0x7f5da7ac29d0>\n../local/lib/python3.11/site-packages/selenium/webdriver/support/select.py:97: in select_by_index\n    if opt.get_attribute(\"index\") == match:\n        index      = 0\n        match      = '0'\n        opt        = <selenium.webdriver.remote.webelement.WebElement (session=\"f7a5fa7a15d81bf465ab3f64c8b43c0c\", element=\"8FC19EDED2D5ACE106789155554828AB_element_131\")>\n        self       = <selenium.webdriver.support.select.Select object at 0x7f5da7ac0850>\n../local/lib/python3.11/site-packages/selenium/webdriver/remote/webelement.py:177: in get_attribute\n    attribute_value = self.parent.execute_script(\n        name       = 'index'\n        self       = <selenium.webdriver.remote.webelement.WebElement (session=\"f7a5fa7a15d81bf465ab3f64c8b43c0c\", element=\"8FC19EDED2D5ACE106789155554828AB_element_131\")>\n../local/lib/python3.11/site-packages/selenium/webdriver/remote/webdriver.py:407: in execute_script\n    return self.execute(command, {\"script\": script, \"args\": converted_args})[\"value\"]\n        args       = (<selenium.webdriver.remote.webelement.WebElement (session=\"f7a5fa7a15d81bf465ab3f64c8b43c0c\", element=\"8FC19EDED2D5ACE106789155554828AB_element_131\")>, 'index')\n        command    = 'w3cExecuteScript'\n        converted_args = [<selenium.webdriver.remote.webelement.WebElement (session=\"f7a5fa7a15d81bf465ab3f64c8b43c0c\", element=\"8FC19EDED2D5ACE106789155554828AB_element_131\")>, 'index']\n        script     = '/* getAttribute */return (function(){return (function(){var h=this||self;function aa(a){return\"string\"==typeof a}func...ow.navigator:null,document:typeof window!=\\'undefined\\'?window.document:null}, arguments);}\\n).apply(null, arguments);'\n        self       = <selenium.webdriver.chrome.webdriver.WebDriver (session=\"f7a5fa7a15d81bf465ab3f64c8b43c0c\")>\n../local/lib/python3.11/site-packages/selenium/webdriver/remote/webdriver.py:347: in execute\n    self.error_handler.check_response(response)\n        driver_command = 'w3cExecuteScript'\n        params     = {'args': [{'element-6066-11e4-a52e-4f735466cecf': '8FC19EDED2D5ACE106789155554828AB_element_131'}, 'index'], 'script':...w.navigator:null,document:typeof window!=\\'undefined\\'?window.document:null}, arguments);}\\n).apply(null, arguments);'}\n        response   = {'status': 404, 'value': '{\"value\":{\"error\":\"stale element reference\",\"message\":\"stale element reference: stale element not found\\\\n  (Session info: headless chrome=119.0.6045.159)\",\"stacktrace\":\"\"}}'}\n        self       = <selenium.webdriver.chrome.webdriver.WebDriver (session=\"f7a5fa7a15d81bf465ab3f64c8b43c0c\")>\n../local/lib/python3.11/site-packages/selenium/webdriver/remote/errorhandler.py:229: in check_response\n    raise exception_class(message, screen, stacktrace)\nE   selenium.common.exceptions.StaleElementReferenceException: Message: stale element reference: stale element not found\nE     (Session info: headless chrome=119.0.6045.159); For documentation on this error, please visit: https://www.selenium.dev/documentation/webdriver/troubleshooting/errors#stale-element-reference-exception\n        e          = <selenium.webdriver.remote.errorhandler.ErrorCode object at 0x7f5da7ac3850>\n        error_code = 'STALE_ELEMENT_REFERENCE'\n        error_codes = ['ELEMENT_CLICK_INTERCEPTED', 'ELEMENT_IS_NOT_SELECTABLE', 'ELEMENT_NOT_INTERACTABLE', 'ELEMENT_NOT_VISIBLE', 'IME_ENGINE_ACTIVATION_FAILED', 'IME_NOT_AVAILABLE', ...]\n        error_info = [10, 'stale element reference']\n        exception_class = <class 'selenium.common.exceptions.StaleElementReferenceException'>\n        json       = <module 'json' from '/usr/local/lib/python3.11/json/__init__.py'>\n        message    = 'stale element reference: stale element not found\\n  (Session info: headless chrome=119.0.6045.159)'\n        response   = {'status': 404, 'value': '{\"value\":{\"error\":\"stale element reference\",\"message\":\"stale element reference: stale element not found\\\\n  (Session info: headless chrome=119.0.6045.159)\",\"stacktrace\":\"\"}}'}\n        screen     = None\n        self       = <selenium.webdriver.remote.errorhandler.ErrorHandler object at 0x7f5da617d310>\n        st_value   = ''\n        stacktrace = None\n        status     = 'stale element reference'\n        value      = {'error': 'stale element reference', 'message': 'stale element reference: stale element not found\\n  (Session info: headless chrome=119.0.6045.159)', 'stacktrace': ''}\n        value_json = '{\"value\":{\"error\":\"stale element reference\",\"message\":\"stale element reference: stale element not found\\\\n  (Session info: headless chrome=119.0.6045.159)\",\"stacktrace\":\"\"}}'",
    "steps" : [ {
      "name" : "Navigate to Register page",
      "time" : {
        "start" : 1705842782626,
        "stop" : 1705842783361,
        "duration" : 735
      },
      "status" : "passed",
      "steps" : [ ],
      "attachments" : [ ],
      "parameters" : [ ],
      "attachmentsCount" : 0,
      "shouldDisplayMessage" : false,
      "stepsCount" : 0,
      "hasContent" : false
    }, {
      "name" : "Register a new user",
      "time" : {
        "start" : 1705842783361,
        "stop" : 1705842784921,
        "duration" : 1560
      },
      "status" : "passed",
      "steps" : [ ],
      "attachments" : [ ],
      "parameters" : [ ],
      "attachmentsCount" : 0,
      "shouldDisplayMessage" : false,
      "stepsCount" : 0,
      "hasContent" : false
    }, {
      "name" : "Check registration is successful",
      "time" : {
        "start" : 1705842784921,
        "stop" : 1705842784957,
        "duration" : 36
      },
      "status" : "passed",
      "steps" : [ ],
      "attachments" : [ ],
      "parameters" : [ ],
      "attachmentsCount" : 0,
      "shouldDisplayMessage" : false,
      "stepsCount" : 0,
      "hasContent" : false
    }, {
      "name" : "Proceed to Open New Account page",
      "time" : {
        "start" : 1705842784957,
        "stop" : 1705842785137,
        "duration" : 180
      },
      "status" : "passed",
      "steps" : [ ],
      "attachments" : [ ],
      "parameters" : [ ],
      "attachmentsCount" : 0,
      "shouldDisplayMessage" : false,
      "stepsCount" : 0,
      "hasContent" : false
    }, {
      "name" : "Open new account",
      "time" : {
        "start" : 1705842785137,
        "stop" : 1705842785213,
        "duration" : 76
      },
      "status" : "broken",
      "statusMessage" : "selenium.common.exceptions.StaleElementReferenceException: Message: stale element reference: stale element not found\n  (Session info: headless chrome=119.0.6045.159); For documentation on this error, please visit: https://www.selenium.dev/documentation/webdriver/troubleshooting/errors#stale-element-reference-exception\n\n",
      "statusTrace" : "  File \"/usr/workspace/tests/core_features/test_funds_transfer.py\", line 122, in test_funds_transfer_with_empty_amount\n    open_new_account_page.from_account_dropdown.select_by_index(0)\n  File \"/usr/workspace/src/base/base_element.py\", line 46, in select_by_index\n    select.select_by_index(index)\n  File \"/usr/local/lib/python3.11/site-packages/selenium/webdriver/support/select.py\", line 97, in select_by_index\n    if opt.get_attribute(\"index\") == match:\n       ^^^^^^^^^^^^^^^^^^^^^^^^^^\n  File \"/usr/local/lib/python3.11/site-packages/selenium/webdriver/remote/webelement.py\", line 177, in get_attribute\n    attribute_value = self.parent.execute_script(\n                      ^^^^^^^^^^^^^^^^^^^^^^^^^^^\n  File \"/usr/local/lib/python3.11/site-packages/selenium/webdriver/remote/webdriver.py\", line 407, in execute_script\n    return self.execute(command, {\"script\": script, \"args\": converted_args})[\"value\"]\n           ^^^^^^^^^^^^^^^^^^^^^^^^^^^^^^^^^^^^^^^^^^^^^^^^^^^^^^^^^^^^^^^^^\n  File \"/usr/local/lib/python3.11/site-packages/selenium/webdriver/remote/webdriver.py\", line 347, in execute\n    self.error_handler.check_response(response)\n  File \"/usr/local/lib/python3.11/site-packages/selenium/webdriver/remote/errorhandler.py\", line 229, in check_response\n    raise exception_class(message, screen, stacktrace)\n",
      "steps" : [ ],
      "attachments" : [ ],
      "parameters" : [ ],
      "attachmentsCount" : 0,
      "shouldDisplayMessage" : true,
      "stepsCount" : 0,
      "hasContent" : true
    } ],
    "attachments" : [ ],
    "parameters" : [ ],
    "attachmentsCount" : 0,
    "shouldDisplayMessage" : true,
    "stepsCount" : 5,
    "hasContent" : true
  },
  "afterStages" : [ {
    "name" : "Initialize driver::0",
    "time" : {
      "start" : 1705842785240,
      "stop" : 1705842785296,
      "duration" : 56
    },
    "status" : "passed",
    "steps" : [ {
      "name" : "Terminate driver",
      "time" : {
        "start" : 1705842785240,
        "stop" : 1705842785296,
        "duration" : 56
      },
      "status" : "passed",
      "steps" : [ ],
      "attachments" : [ ],
      "parameters" : [ ],
      "attachmentsCount" : 0,
      "shouldDisplayMessage" : false,
      "stepsCount" : 0,
      "hasContent" : false
    } ],
    "attachments" : [ ],
    "parameters" : [ ],
    "attachmentsCount" : 0,
    "shouldDisplayMessage" : false,
    "stepsCount" : 1,
    "hasContent" : true
  } ],
  "labels" : [ {
    "name" : "feature",
    "value" : "PARA-15270: Funds transfer"
  }, {
    "name" : "epic",
    "value" : "PARA-15242: Funds operations"
  }, {
    "name" : "severity",
    "value" : "Minor"
  }, {
    "name" : "parentSuite",
    "value" : "tests.core_features"
  }, {
    "name" : "suite",
    "value" : "test_funds_transfer"
  }, {
    "name" : "subSuite",
    "value" : "TestFundsTransfer"
  }, {
    "name" : "host",
    "value" : "63e198265aea"
  }, {
    "name" : "thread",
    "value" : "1-MainThread"
  }, {
    "name" : "framework",
    "value" : "pytest"
  }, {
    "name" : "language",
    "value" : "cpython3"
  }, {
    "name" : "package",
    "value" : "tests.core_features.test_funds_transfer"
  }, {
    "name" : "resultFormat",
    "value" : "allure2"
  } ],
  "parameters" : [ ],
  "links" : [ ],
  "hidden" : false,
  "retry" : false,
  "extra" : {
    "severity" : "minor",
    "retries" : [ {
      "uid" : "2378a1ab5306347a",
      "status" : "broken",
      "statusDetails" : "selenium.common.exceptions.StaleElementReferenceException: Message: stale element reference: stale element not found\n  (Session info: headless chrome=119.0.6045.159); For documentation on this error, please visit: https://www.selenium.dev/documentation/webdriver/troubleshooting/errors#stale-element-reference-exception",
      "time" : {
        "start" : 1705842779595,
        "stop" : 1705842781684,
        "duration" : 2089
      }
    }, {
      "uid" : "7560594a98db9d78",
      "status" : "broken",
      "statusDetails" : "selenium.common.exceptions.StaleElementReferenceException: Message: stale element reference: stale element not found\n  (Session info: headless chrome=119.0.6045.159); For documentation on this error, please visit: https://www.selenium.dev/documentation/webdriver/troubleshooting/errors#stale-element-reference-exception",
      "time" : {
        "start" : 1705842759886,
        "stop" : 1705842778669,
        "duration" : 18783
      }
    }, {
      "uid" : "574e82990671a51a",
      "status" : "broken",
      "statusDetails" : "selenium.common.exceptions.StaleElementReferenceException: Message: stale element reference: stale element not found\n  (Session info: headless chrome=119.0.6045.159); For documentation on this error, please visit: https://www.selenium.dev/documentation/webdriver/troubleshooting/errors#stale-element-reference-exception",
      "time" : {
        "start" : 1705842740107,
        "stop" : 1705842758963,
        "duration" : 18856
      }
    } ],
    "categories" : [ {
      "name" : "Test defects",
      "matchedStatuses" : [ ],
      "flaky" : false
    } ],
    "history" : {
      "statistic" : {
        "failed" : 0,
        "broken" : 2,
        "skipped" : 3,
        "passed" : 10,
        "unknown" : 0,
        "total" : 15
      },
      "items" : [ {
        "uid" : "2a99a4c2f0c54b80",
        "status" : "passed",
        "time" : {
          "start" : 1705837892058,
          "stop" : 1705837896580,
          "duration" : 4522
        }
      }, {
        "uid" : "6c7919a6fd498ca3",
        "status" : "passed",
        "time" : {
          "start" : 1705747061189,
          "stop" : 1705747066462,
          "duration" : 5273
        }
      }, {
        "uid" : "aa53b6c3f5b3ae0a",
        "status" : "passed",
        "time" : {
          "start" : 1705596707124,
          "stop" : 1705596712468,
          "duration" : 5344
        }
      }, {
        "uid" : "dde59b66e3485a6f",
        "status" : "passed",
        "time" : {
          "start" : 1705440543750,
          "stop" : 1705440548974,
          "duration" : 5224
        }
      }, {
        "uid" : "cdbf4aaf2b3c59a8",
        "status" : "passed",
        "time" : {
          "start" : 1705392744591,
          "stop" : 1705392749810,
          "duration" : 5219
        }
      }, {
        "uid" : "f8ceac5316ae1f64",
        "status" : "skipped",
        "statusDetails" : "XFAIL reason: Execution blocked by Cloudflare\n\n_pytest.outcomes.XFailed: Execution blocked by Cloudflare",
        "time" : {
          "start" : 1705147590341,
          "stop" : 1705147592208,
          "duration" : 1867
        }
      }, {
        "uid" : "aa38cce94a05a879",
        "status" : "skipped",
        "statusDetails" : "XFAIL reason: Execution blocked by Cloudflare\n\n_pytest.outcomes.XFailed: Execution blocked by Cloudflare",
        "time" : {
          "start" : 1705016475540,
          "stop" : 1705016477396,
          "duration" : 1856
        }
      }, {
        "uid" : "1c103e82e2643cb7",
        "status" : "passed",
        "time" : {
          "start" : 1704912999971,
          "stop" : 1704913004539,
          "duration" : 4568
        }
      }, {
        "uid" : "38cf0b32c6a7a8e1",
        "status" : "skipped",
        "statusDetails" : "XFAIL reason: Health check failed with status code 502\n\n_pytest.outcomes.XFailed: Health check failed with status code 502",
        "time" : {
          "start" : 1704908682718,
          "stop" : 1704908682718,
          "duration" : 0
        }
      }, {
        "uid" : "2be7a4e3452ef000",
        "status" : "passed",
        "time" : {
          "start" : 1704874961761,
          "stop" : 1704874967148,
          "duration" : 5387
        }
      }, {
        "uid" : "22c7579b3adc13f0",
        "status" : "passed",
        "time" : {
          "start" : 1704839519492,
          "stop" : 1704839541356,
          "duration" : 21864
        }
      }, {
        "uid" : "8d53e8b31d6fe83f",
        "status" : "broken",
        "statusDetails" : "selenium.common.exceptions.StaleElementReferenceException: Message: stale element reference: stale element not found\n  (Session info: headless chrome=119.0.6045.159); For documentation on this error, please visit: https://www.selenium.dev/documentation/webdriver/troubleshooting/errors#stale-element-reference-exception",
        "time" : {
          "start" : 1704789353115,
          "stop" : 1704789355175,
          "duration" : 2060
        }
      }, {
        "uid" : "90268d5bbc49fc93",
        "status" : "passed",
        "time" : {
          "start" : 1704759021274,
          "stop" : 1704759025947,
          "duration" : 4673
        }
      }, {
        "uid" : "117c3fb2cbcbf3db",
        "status" : "passed",
        "time" : {
          "start" : 1704756560139,
          "stop" : 1704756565432,
          "duration" : 5293
        }
      } ]
    },
    "tags" : [ ]
  },
  "source" : "5fdec12c8695e595.json",
  "parameterValues" : [ ]
}