{
  "uid" : "7280793002d076e4",
  "name" : "User can successfully open a new account of 'Savings' type.",
  "fullName" : "tests.core_features.test_new_account_opening.TestNewAccountOpening#test_new_savings_account_opening",
  "historyId" : "2a4cfc5b7c6c65ba774cc128fb6c0fb8",
  "time" : {
    "start" : 1704756581574,
    "stop" : 1704756583225,
    "duration" : 1651
  },
  "status" : "broken",
  "statusMessage" : "selenium.common.exceptions.StaleElementReferenceException: Message: stale element reference: stale element not found\n  (Session info: headless chrome=119.0.6045.159); For documentation on this error, please visit: https://www.selenium.dev/documentation/webdriver/troubleshooting/errors#stale-element-reference-exception",
  "statusTrace" : "tests/core_features/test_new_account_opening.py:84: in test_new_savings_account_opening\n    open_new_account_page.from_account_dropdown.select_by_index(0)\n        accounts_overview_page = <src.pages.accounts_overview_page.AccountsOverviewPage object at 0x7f4f58c86cd0>\n        driver     = <selenium.webdriver.chrome.webdriver.WebDriver (session=\"094fa8093c3aecf2acb531b3ae7e589d\")>\n        home_page  = <src.pages.home_page.HomePage object at 0x7f4f58cf9790>\n        open_new_account_page = <src.pages.open_new_account_page.OpenNewAccountPage object at 0x7f4f58c866d0>\n        self       = <test_new_account_opening.TestNewAccountOpening object at 0x7f4f5a4b0f90>\nsrc/base/base_element.py:45: in select_by_index\n    select.select_by_index(index)\n        index      = 0\n        select     = <selenium.webdriver.support.select.Select object at 0x7f4f58c84950>\n        self       = <src.base.base_element.BaseElement object at 0x7f4f58c85490>\n../local/lib/python3.11/site-packages/selenium/webdriver/support/select.py:98: in select_by_index\n    self._set_selected(opt)\n        index      = 0\n        match      = '0'\n        opt        = <selenium.webdriver.remote.webelement.WebElement (session=\"094fa8093c3aecf2acb531b3ae7e589d\", element=\"30A8647F2ED31DCA3BF8EE683843D3DE_element_103\")>\n        self       = <selenium.webdriver.support.select.Select object at 0x7f4f58c84950>\n../local/lib/python3.11/site-packages/selenium/webdriver/support/select.py:211: in _set_selected\n    if not option.is_selected():\n        option     = <selenium.webdriver.remote.webelement.WebElement (session=\"094fa8093c3aecf2acb531b3ae7e589d\", element=\"30A8647F2ED31DCA3BF8EE683843D3DE_element_103\")>\n        self       = <selenium.webdriver.support.select.Select object at 0x7f4f58c84950>\n../local/lib/python3.11/site-packages/selenium/webdriver/remote/webelement.py:187: in is_selected\n    return self._execute(Command.IS_ELEMENT_SELECTED)[\"value\"]\n        self       = <selenium.webdriver.remote.webelement.WebElement (session=\"094fa8093c3aecf2acb531b3ae7e589d\", element=\"30A8647F2ED31DCA3BF8EE683843D3DE_element_103\")>\n../local/lib/python3.11/site-packages/selenium/webdriver/remote/webelement.py:394: in _execute\n    return self._parent.execute(command, params)\n        command    = 'isElementSelected'\n        params     = {'id': '30A8647F2ED31DCA3BF8EE683843D3DE_element_103'}\n        self       = <selenium.webdriver.remote.webelement.WebElement (session=\"094fa8093c3aecf2acb531b3ae7e589d\", element=\"30A8647F2ED31DCA3BF8EE683843D3DE_element_103\")>\n../local/lib/python3.11/site-packages/selenium/webdriver/remote/webdriver.py:347: in execute\n    self.error_handler.check_response(response)\n        driver_command = 'isElementSelected'\n        params     = {}\n        response   = {'status': 404, 'value': '{\"value\":{\"error\":\"stale element reference\",\"message\":\"stale element reference: stale element not found\\\\n  (Session info: headless chrome=119.0.6045.159)\",\"stacktrace\":\"\"}}'}\n        self       = <selenium.webdriver.chrome.webdriver.WebDriver (session=\"094fa8093c3aecf2acb531b3ae7e589d\")>\n../local/lib/python3.11/site-packages/selenium/webdriver/remote/errorhandler.py:229: in check_response\n    raise exception_class(message, screen, stacktrace)\nE   selenium.common.exceptions.StaleElementReferenceException: Message: stale element reference: stale element not found\nE     (Session info: headless chrome=119.0.6045.159); For documentation on this error, please visit: https://www.selenium.dev/documentation/webdriver/troubleshooting/errors#stale-element-reference-exception\n        e          = <selenium.webdriver.remote.errorhandler.ErrorCode object at 0x7f4f58c846d0>\n        error_code = 'STALE_ELEMENT_REFERENCE'\n        error_codes = ['ELEMENT_CLICK_INTERCEPTED', 'ELEMENT_IS_NOT_SELECTABLE', 'ELEMENT_NOT_INTERACTABLE', 'ELEMENT_NOT_VISIBLE', 'IME_ENGINE_ACTIVATION_FAILED', 'IME_NOT_AVAILABLE', ...]\n        error_info = [10, 'stale element reference']\n        exception_class = <class 'selenium.common.exceptions.StaleElementReferenceException'>\n        json       = <module 'json' from '/usr/local/lib/python3.11/json/__init__.py'>\n        message    = 'stale element reference: stale element not found\\n  (Session info: headless chrome=119.0.6045.159)'\n        response   = {'status': 404, 'value': '{\"value\":{\"error\":\"stale element reference\",\"message\":\"stale element reference: stale element not found\\\\n  (Session info: headless chrome=119.0.6045.159)\",\"stacktrace\":\"\"}}'}\n        screen     = None\n        self       = <selenium.webdriver.remote.errorhandler.ErrorHandler object at 0x7f4f58c80cd0>\n        st_value   = ''\n        stacktrace = None\n        status     = 'stale element reference'\n        value      = {'error': 'stale element reference', 'message': 'stale element reference: stale element not found\\n  (Session info: headless chrome=119.0.6045.159)', 'stacktrace': ''}\n        value_json = '{\"value\":{\"error\":\"stale element reference\",\"message\":\"stale element reference: stale element not found\\\\n  (Session info: headless chrome=119.0.6045.159)\",\"stacktrace\":\"\"}}'",
  "flaky" : false,
  "newFailed" : false,
  "beforeStages" : [ {
    "name" : "Initialize driver",
    "time" : {
      "start" : 1704756580737,
      "stop" : 1704756581574,
      "duration" : 837
    },
    "status" : "passed",
    "steps" : [ ],
    "attachments" : [ ],
    "parameters" : [ ],
    "attachmentsCount" : 0,
    "shouldDisplayMessage" : false,
    "stepsCount" : 0,
    "hasContent" : false
  }, {
    "name" : "Health check request",
    "time" : {
      "start" : 1704756489914,
      "stop" : 1704756490512,
      "duration" : 598
    },
    "status" : "passed",
    "steps" : [ ],
    "attachments" : [ ],
    "parameters" : [ ],
    "attachmentsCount" : 0,
    "shouldDisplayMessage" : false,
    "stepsCount" : 0,
    "hasContent" : false
  }, {
    "name" : "_session_faker",
    "time" : {
      "start" : 1704756489894,
      "stop" : 1704756489914,
      "duration" : 20
    },
    "status" : "passed",
    "steps" : [ ],
    "attachments" : [ ],
    "parameters" : [ ],
    "attachmentsCount" : 0,
    "shouldDisplayMessage" : false,
    "stepsCount" : 0,
    "hasContent" : false
  } ],
  "testStage" : {
    "status" : "broken",
    "statusMessage" : "selenium.common.exceptions.StaleElementReferenceException: Message: stale element reference: stale element not found\n  (Session info: headless chrome=119.0.6045.159); For documentation on this error, please visit: https://www.selenium.dev/documentation/webdriver/troubleshooting/errors#stale-element-reference-exception",
    "statusTrace" : "tests/core_features/test_new_account_opening.py:84: in test_new_savings_account_opening\n    open_new_account_page.from_account_dropdown.select_by_index(0)\n        accounts_overview_page = <src.pages.accounts_overview_page.AccountsOverviewPage object at 0x7f4f58c86cd0>\n        driver     = <selenium.webdriver.chrome.webdriver.WebDriver (session=\"094fa8093c3aecf2acb531b3ae7e589d\")>\n        home_page  = <src.pages.home_page.HomePage object at 0x7f4f58cf9790>\n        open_new_account_page = <src.pages.open_new_account_page.OpenNewAccountPage object at 0x7f4f58c866d0>\n        self       = <test_new_account_opening.TestNewAccountOpening object at 0x7f4f5a4b0f90>\nsrc/base/base_element.py:45: in select_by_index\n    select.select_by_index(index)\n        index      = 0\n        select     = <selenium.webdriver.support.select.Select object at 0x7f4f58c84950>\n        self       = <src.base.base_element.BaseElement object at 0x7f4f58c85490>\n../local/lib/python3.11/site-packages/selenium/webdriver/support/select.py:98: in select_by_index\n    self._set_selected(opt)\n        index      = 0\n        match      = '0'\n        opt        = <selenium.webdriver.remote.webelement.WebElement (session=\"094fa8093c3aecf2acb531b3ae7e589d\", element=\"30A8647F2ED31DCA3BF8EE683843D3DE_element_103\")>\n        self       = <selenium.webdriver.support.select.Select object at 0x7f4f58c84950>\n../local/lib/python3.11/site-packages/selenium/webdriver/support/select.py:211: in _set_selected\n    if not option.is_selected():\n        option     = <selenium.webdriver.remote.webelement.WebElement (session=\"094fa8093c3aecf2acb531b3ae7e589d\", element=\"30A8647F2ED31DCA3BF8EE683843D3DE_element_103\")>\n        self       = <selenium.webdriver.support.select.Select object at 0x7f4f58c84950>\n../local/lib/python3.11/site-packages/selenium/webdriver/remote/webelement.py:187: in is_selected\n    return self._execute(Command.IS_ELEMENT_SELECTED)[\"value\"]\n        self       = <selenium.webdriver.remote.webelement.WebElement (session=\"094fa8093c3aecf2acb531b3ae7e589d\", element=\"30A8647F2ED31DCA3BF8EE683843D3DE_element_103\")>\n../local/lib/python3.11/site-packages/selenium/webdriver/remote/webelement.py:394: in _execute\n    return self._parent.execute(command, params)\n        command    = 'isElementSelected'\n        params     = {'id': '30A8647F2ED31DCA3BF8EE683843D3DE_element_103'}\n        self       = <selenium.webdriver.remote.webelement.WebElement (session=\"094fa8093c3aecf2acb531b3ae7e589d\", element=\"30A8647F2ED31DCA3BF8EE683843D3DE_element_103\")>\n../local/lib/python3.11/site-packages/selenium/webdriver/remote/webdriver.py:347: in execute\n    self.error_handler.check_response(response)\n        driver_command = 'isElementSelected'\n        params     = {}\n        response   = {'status': 404, 'value': '{\"value\":{\"error\":\"stale element reference\",\"message\":\"stale element reference: stale element not found\\\\n  (Session info: headless chrome=119.0.6045.159)\",\"stacktrace\":\"\"}}'}\n        self       = <selenium.webdriver.chrome.webdriver.WebDriver (session=\"094fa8093c3aecf2acb531b3ae7e589d\")>\n../local/lib/python3.11/site-packages/selenium/webdriver/remote/errorhandler.py:229: in check_response\n    raise exception_class(message, screen, stacktrace)\nE   selenium.common.exceptions.StaleElementReferenceException: Message: stale element reference: stale element not found\nE     (Session info: headless chrome=119.0.6045.159); For documentation on this error, please visit: https://www.selenium.dev/documentation/webdriver/troubleshooting/errors#stale-element-reference-exception\n        e          = <selenium.webdriver.remote.errorhandler.ErrorCode object at 0x7f4f58c846d0>\n        error_code = 'STALE_ELEMENT_REFERENCE'\n        error_codes = ['ELEMENT_CLICK_INTERCEPTED', 'ELEMENT_IS_NOT_SELECTABLE', 'ELEMENT_NOT_INTERACTABLE', 'ELEMENT_NOT_VISIBLE', 'IME_ENGINE_ACTIVATION_FAILED', 'IME_NOT_AVAILABLE', ...]\n        error_info = [10, 'stale element reference']\n        exception_class = <class 'selenium.common.exceptions.StaleElementReferenceException'>\n        json       = <module 'json' from '/usr/local/lib/python3.11/json/__init__.py'>\n        message    = 'stale element reference: stale element not found\\n  (Session info: headless chrome=119.0.6045.159)'\n        response   = {'status': 404, 'value': '{\"value\":{\"error\":\"stale element reference\",\"message\":\"stale element reference: stale element not found\\\\n  (Session info: headless chrome=119.0.6045.159)\",\"stacktrace\":\"\"}}'}\n        screen     = None\n        self       = <selenium.webdriver.remote.errorhandler.ErrorHandler object at 0x7f4f58c80cd0>\n        st_value   = ''\n        stacktrace = None\n        status     = 'stale element reference'\n        value      = {'error': 'stale element reference', 'message': 'stale element reference: stale element not found\\n  (Session info: headless chrome=119.0.6045.159)', 'stacktrace': ''}\n        value_json = '{\"value\":{\"error\":\"stale element reference\",\"message\":\"stale element reference: stale element not found\\\\n  (Session info: headless chrome=119.0.6045.159)\",\"stacktrace\":\"\"}}'",
    "steps" : [ {
      "name" : "Navigate to Home page",
      "time" : {
        "start" : 1704756581574,
        "stop" : 1704756582280,
        "duration" : 706
      },
      "status" : "passed",
      "steps" : [ ],
      "attachments" : [ ],
      "parameters" : [ ],
      "attachmentsCount" : 0,
      "shouldDisplayMessage" : false,
      "stepsCount" : 0,
      "hasContent" : false
    }, {
      "name" : "Fill in valid username and password",
      "time" : {
        "start" : 1704756582280,
        "stop" : 1704756582432,
        "duration" : 152
      },
      "status" : "passed",
      "steps" : [ ],
      "attachments" : [ ],
      "parameters" : [ ],
      "attachmentsCount" : 0,
      "shouldDisplayMessage" : false,
      "stepsCount" : 0,
      "hasContent" : false
    }, {
      "name" : "Log in",
      "time" : {
        "start" : 1704756582432,
        "stop" : 1704756582920,
        "duration" : 488
      },
      "status" : "passed",
      "steps" : [ ],
      "attachments" : [ ],
      "parameters" : [ ],
      "attachmentsCount" : 0,
      "shouldDisplayMessage" : false,
      "stepsCount" : 0,
      "hasContent" : false
    }, {
      "name" : "Navigate to Open New Account page",
      "time" : {
        "start" : 1704756582920,
        "stop" : 1704756583117,
        "duration" : 197
      },
      "status" : "passed",
      "steps" : [ ],
      "attachments" : [ ],
      "parameters" : [ ],
      "attachmentsCount" : 0,
      "shouldDisplayMessage" : false,
      "stepsCount" : 0,
      "hasContent" : false
    }, {
      "name" : "Select account of 'Savings' type",
      "time" : {
        "start" : 1704756583117,
        "stop" : 1704756583190,
        "duration" : 73
      },
      "status" : "passed",
      "steps" : [ ],
      "attachments" : [ ],
      "parameters" : [ ],
      "attachmentsCount" : 0,
      "shouldDisplayMessage" : false,
      "stepsCount" : 0,
      "hasContent" : false
    }, {
      "name" : "Select source account",
      "time" : {
        "start" : 1704756583191,
        "stop" : 1704756583224,
        "duration" : 33
      },
      "status" : "broken",
      "statusMessage" : "selenium.common.exceptions.StaleElementReferenceException: Message: stale element reference: stale element not found\n  (Session info: headless chrome=119.0.6045.159); For documentation on this error, please visit: https://www.selenium.dev/documentation/webdriver/troubleshooting/errors#stale-element-reference-exception\n\n",
      "statusTrace" : "  File \"/usr/workspace/tests/core_features/test_new_account_opening.py\", line 84, in test_new_savings_account_opening\n    open_new_account_page.from_account_dropdown.select_by_index(0)\n  File \"/usr/workspace/src/base/base_element.py\", line 45, in select_by_index\n    select.select_by_index(index)\n  File \"/usr/local/lib/python3.11/site-packages/selenium/webdriver/support/select.py\", line 98, in select_by_index\n    self._set_selected(opt)\n  File \"/usr/local/lib/python3.11/site-packages/selenium/webdriver/support/select.py\", line 211, in _set_selected\n    if not option.is_selected():\n           ^^^^^^^^^^^^^^^^^^^^\n  File \"/usr/local/lib/python3.11/site-packages/selenium/webdriver/remote/webelement.py\", line 187, in is_selected\n    return self._execute(Command.IS_ELEMENT_SELECTED)[\"value\"]\n           ^^^^^^^^^^^^^^^^^^^^^^^^^^^^^^^^^^^^^^^^^^\n  File \"/usr/local/lib/python3.11/site-packages/selenium/webdriver/remote/webelement.py\", line 394, in _execute\n    return self._parent.execute(command, params)\n           ^^^^^^^^^^^^^^^^^^^^^^^^^^^^^^^^^^^^^\n  File \"/usr/local/lib/python3.11/site-packages/selenium/webdriver/remote/webdriver.py\", line 347, in execute\n    self.error_handler.check_response(response)\n  File \"/usr/local/lib/python3.11/site-packages/selenium/webdriver/remote/errorhandler.py\", line 229, in check_response\n    raise exception_class(message, screen, stacktrace)\n",
      "steps" : [ ],
      "attachments" : [ ],
      "parameters" : [ ],
      "attachmentsCount" : 0,
      "shouldDisplayMessage" : true,
      "stepsCount" : 0,
      "hasContent" : true
    } ],
    "attachments" : [ ],
    "parameters" : [ ],
    "attachmentsCount" : 0,
    "shouldDisplayMessage" : true,
    "stepsCount" : 6,
    "hasContent" : true
  },
  "afterStages" : [ {
    "name" : "Initialize driver::0",
    "time" : {
      "start" : 1704756583250,
      "stop" : 1704756583306,
      "duration" : 56
    },
    "status" : "passed",
    "steps" : [ {
      "name" : "Terminate driver",
      "time" : {
        "start" : 1704756583250,
        "stop" : 1704756583306,
        "duration" : 56
      },
      "status" : "passed",
      "steps" : [ ],
      "attachments" : [ ],
      "parameters" : [ ],
      "attachmentsCount" : 0,
      "shouldDisplayMessage" : false,
      "stepsCount" : 0,
      "hasContent" : false
    } ],
    "attachments" : [ ],
    "parameters" : [ ],
    "attachmentsCount" : 0,
    "shouldDisplayMessage" : false,
    "stepsCount" : 1,
    "hasContent" : true
  } ],
  "labels" : [ {
    "name" : "severity",
    "value" : "Critical"
  }, {
    "name" : "feature",
    "value" : "PARA-15252: New account opening"
  }, {
    "name" : "epic",
    "value" : "PARA-15241: Account operations"
  }, {
    "name" : "tag",
    "value" : "smoke"
  }, {
    "name" : "parentSuite",
    "value" : "tests.core_features"
  }, {
    "name" : "suite",
    "value" : "test_new_account_opening"
  }, {
    "name" : "subSuite",
    "value" : "TestNewAccountOpening"
  }, {
    "name" : "host",
    "value" : "4adcfedac879"
  }, {
    "name" : "thread",
    "value" : "1-MainThread"
  }, {
    "name" : "framework",
    "value" : "pytest"
  }, {
    "name" : "language",
    "value" : "cpython3"
  }, {
    "name" : "package",
    "value" : "tests.core_features.test_new_account_opening"
  }, {
    "name" : "resultFormat",
    "value" : "allure2"
  } ],
  "parameters" : [ ],
  "links" : [ ],
  "hidden" : true,
  "retry" : true,
  "extra" : {
    "categories" : [ ],
    "tags" : [ "smoke" ]
  },
  "source" : "7280793002d076e4.json",
  "parameterValues" : [ ]
}