{
  "uid" : "764c8f700e425862",
  "name" : "User can't transfer funds leaving amount field empty",
  "fullName" : "tests.core_features.test_funds_transfer.TestFundsTransfer#test_funds_transfer_with_empty_amount",
  "historyId" : "5d72f60001d4c80e4581c8fae63d198e",
  "time" : {
    "start" : 1704789350069,
    "stop" : 1704789352191,
    "duration" : 2122
  },
  "status" : "broken",
  "statusMessage" : "selenium.common.exceptions.StaleElementReferenceException: Message: stale element reference: stale element not found\n  (Session info: headless chrome=119.0.6045.159); For documentation on this error, please visit: https://www.selenium.dev/documentation/webdriver/troubleshooting/errors#stale-element-reference-exception",
  "statusTrace" : "tests/core_features/test_funds_transfer.py:122: in test_funds_transfer_with_empty_amount\n    open_new_account_page.from_account_dropdown.select_by_index(0)\n        checked_user = NewUser(first_name='Daniel', last_name='Hernandez', address='2070 Brandi Dam Apt. 950\\nDouglasside, KS 22842', city='D...r='671.715.3111x618', ssn='711-67-4903', username='hleonard', password='cK4Ec7ho@c', email='deckerkenneth@example.net')\n        driver     = <selenium.webdriver.chrome.webdriver.WebDriver (session=\"86147258261c37b79cfaaf7027634fb7\")>\n        new_user   = NewUser(first_name='Daniel', last_name='Hernandez', address='2070 Brandi Dam Apt. 950\\nDouglasside, KS 22842', city='D...r='671.715.3111x618', ssn='711-67-4903', username='hleonard', password='cK4Ec7ho@c', email='deckerkenneth@example.net')\n        open_new_account_page = <src.pages.open_new_account_page.OpenNewAccountPage object at 0x7f56d84bc850>\n        register_page = <src.pages.register_page.RegisterPage object at 0x7f56d83f0d90>\n        self       = <test_funds_transfer.TestFundsTransfer object at 0x7f56d9c06e90>\nsrc/base/base_element.py:45: in select_by_index\n    select.select_by_index(index)\n        index      = 0\n        select     = <selenium.webdriver.support.select.Select object at 0x7f56d9c51090>\n        self       = <src.base.base_element.BaseElement object at 0x7f56d84bc210>\n../local/lib/python3.11/site-packages/selenium/webdriver/support/select.py:97: in select_by_index\n    if opt.get_attribute(\"index\") == match:\n        index      = 0\n        match      = '0'\n        opt        = <selenium.webdriver.remote.webelement.WebElement (session=\"86147258261c37b79cfaaf7027634fb7\", element=\"3A75FFFFD6AE5BE0C72EFACE60CC6511_element_131\")>\n        self       = <selenium.webdriver.support.select.Select object at 0x7f56d9c51090>\n../local/lib/python3.11/site-packages/selenium/webdriver/remote/webelement.py:177: in get_attribute\n    attribute_value = self.parent.execute_script(\n        name       = 'index'\n        self       = <selenium.webdriver.remote.webelement.WebElement (session=\"86147258261c37b79cfaaf7027634fb7\", element=\"3A75FFFFD6AE5BE0C72EFACE60CC6511_element_131\")>\n../local/lib/python3.11/site-packages/selenium/webdriver/remote/webdriver.py:407: in execute_script\n    return self.execute(command, {\"script\": script, \"args\": converted_args})[\"value\"]\n        args       = (<selenium.webdriver.remote.webelement.WebElement (session=\"86147258261c37b79cfaaf7027634fb7\", element=\"3A75FFFFD6AE5BE0C72EFACE60CC6511_element_131\")>, 'index')\n        command    = 'w3cExecuteScript'\n        converted_args = [<selenium.webdriver.remote.webelement.WebElement (session=\"86147258261c37b79cfaaf7027634fb7\", element=\"3A75FFFFD6AE5BE0C72EFACE60CC6511_element_131\")>, 'index']\n        script     = '/* getAttribute */return (function(){return (function(){var h=this||self;function aa(a){return\"string\"==typeof a}func...ow.navigator:null,document:typeof window!=\\'undefined\\'?window.document:null}, arguments);}\\n).apply(null, arguments);'\n        self       = <selenium.webdriver.chrome.webdriver.WebDriver (session=\"86147258261c37b79cfaaf7027634fb7\")>\n../local/lib/python3.11/site-packages/selenium/webdriver/remote/webdriver.py:347: in execute\n    self.error_handler.check_response(response)\n        driver_command = 'w3cExecuteScript'\n        params     = {'args': [{'element-6066-11e4-a52e-4f735466cecf': '3A75FFFFD6AE5BE0C72EFACE60CC6511_element_131'}, 'index'], 'script':...w.navigator:null,document:typeof window!=\\'undefined\\'?window.document:null}, arguments);}\\n).apply(null, arguments);'}\n        response   = {'status': 404, 'value': '{\"value\":{\"error\":\"stale element reference\",\"message\":\"stale element reference: stale element not found\\\\n  (Session info: headless chrome=119.0.6045.159)\",\"stacktrace\":\"\"}}'}\n        self       = <selenium.webdriver.chrome.webdriver.WebDriver (session=\"86147258261c37b79cfaaf7027634fb7\")>\n../local/lib/python3.11/site-packages/selenium/webdriver/remote/errorhandler.py:229: in check_response\n    raise exception_class(message, screen, stacktrace)\nE   selenium.common.exceptions.StaleElementReferenceException: Message: stale element reference: stale element not found\nE     (Session info: headless chrome=119.0.6045.159); For documentation on this error, please visit: https://www.selenium.dev/documentation/webdriver/troubleshooting/errors#stale-element-reference-exception\n        e          = <selenium.webdriver.remote.errorhandler.ErrorCode object at 0x7f56da269d10>\n        error_code = 'STALE_ELEMENT_REFERENCE'\n        error_codes = ['ELEMENT_CLICK_INTERCEPTED', 'ELEMENT_IS_NOT_SELECTABLE', 'ELEMENT_NOT_INTERACTABLE', 'ELEMENT_NOT_VISIBLE', 'IME_ENGINE_ACTIVATION_FAILED', 'IME_NOT_AVAILABLE', ...]\n        error_info = [10, 'stale element reference']\n        exception_class = <class 'selenium.common.exceptions.StaleElementReferenceException'>\n        json       = <module 'json' from '/usr/local/lib/python3.11/json/__init__.py'>\n        message    = 'stale element reference: stale element not found\\n  (Session info: headless chrome=119.0.6045.159)'\n        response   = {'status': 404, 'value': '{\"value\":{\"error\":\"stale element reference\",\"message\":\"stale element reference: stale element not found\\\\n  (Session info: headless chrome=119.0.6045.159)\",\"stacktrace\":\"\"}}'}\n        screen     = None\n        self       = <selenium.webdriver.remote.errorhandler.ErrorHandler object at 0x7f56d83f39d0>\n        st_value   = ''\n        stacktrace = None\n        status     = 'stale element reference'\n        value      = {'error': 'stale element reference', 'message': 'stale element reference: stale element not found\\n  (Session info: headless chrome=119.0.6045.159)', 'stacktrace': ''}\n        value_json = '{\"value\":{\"error\":\"stale element reference\",\"message\":\"stale element reference: stale element not found\\\\n  (Session info: headless chrome=119.0.6045.159)\",\"stacktrace\":\"\"}}'",
  "flaky" : false,
  "newFailed" : false,
  "beforeStages" : [ {
    "name" : "Health check request",
    "time" : {
      "start" : 1704789269751,
      "stop" : 1704789270182,
      "duration" : 431
    },
    "status" : "passed",
    "steps" : [ ],
    "attachments" : [ ],
    "parameters" : [ ],
    "attachmentsCount" : 0,
    "shouldDisplayMessage" : false,
    "stepsCount" : 0,
    "hasContent" : false
  }, {
    "name" : "Initialize driver",
    "time" : {
      "start" : 1704789349223,
      "stop" : 1704789350069,
      "duration" : 846
    },
    "status" : "passed",
    "steps" : [ ],
    "attachments" : [ ],
    "parameters" : [ ],
    "attachmentsCount" : 0,
    "shouldDisplayMessage" : false,
    "stepsCount" : 0,
    "hasContent" : false
  }, {
    "name" : "_session_faker",
    "time" : {
      "start" : 1704789269730,
      "stop" : 1704789269751,
      "duration" : 21
    },
    "status" : "passed",
    "steps" : [ ],
    "attachments" : [ ],
    "parameters" : [ ],
    "attachmentsCount" : 0,
    "shouldDisplayMessage" : false,
    "stepsCount" : 0,
    "hasContent" : false
  } ],
  "testStage" : {
    "status" : "broken",
    "statusMessage" : "selenium.common.exceptions.StaleElementReferenceException: Message: stale element reference: stale element not found\n  (Session info: headless chrome=119.0.6045.159); For documentation on this error, please visit: https://www.selenium.dev/documentation/webdriver/troubleshooting/errors#stale-element-reference-exception",
    "statusTrace" : "tests/core_features/test_funds_transfer.py:122: in test_funds_transfer_with_empty_amount\n    open_new_account_page.from_account_dropdown.select_by_index(0)\n        checked_user = NewUser(first_name='Daniel', last_name='Hernandez', address='2070 Brandi Dam Apt. 950\\nDouglasside, KS 22842', city='D...r='671.715.3111x618', ssn='711-67-4903', username='hleonard', password='cK4Ec7ho@c', email='deckerkenneth@example.net')\n        driver     = <selenium.webdriver.chrome.webdriver.WebDriver (session=\"86147258261c37b79cfaaf7027634fb7\")>\n        new_user   = NewUser(first_name='Daniel', last_name='Hernandez', address='2070 Brandi Dam Apt. 950\\nDouglasside, KS 22842', city='D...r='671.715.3111x618', ssn='711-67-4903', username='hleonard', password='cK4Ec7ho@c', email='deckerkenneth@example.net')\n        open_new_account_page = <src.pages.open_new_account_page.OpenNewAccountPage object at 0x7f56d84bc850>\n        register_page = <src.pages.register_page.RegisterPage object at 0x7f56d83f0d90>\n        self       = <test_funds_transfer.TestFundsTransfer object at 0x7f56d9c06e90>\nsrc/base/base_element.py:45: in select_by_index\n    select.select_by_index(index)\n        index      = 0\n        select     = <selenium.webdriver.support.select.Select object at 0x7f56d9c51090>\n        self       = <src.base.base_element.BaseElement object at 0x7f56d84bc210>\n../local/lib/python3.11/site-packages/selenium/webdriver/support/select.py:97: in select_by_index\n    if opt.get_attribute(\"index\") == match:\n        index      = 0\n        match      = '0'\n        opt        = <selenium.webdriver.remote.webelement.WebElement (session=\"86147258261c37b79cfaaf7027634fb7\", element=\"3A75FFFFD6AE5BE0C72EFACE60CC6511_element_131\")>\n        self       = <selenium.webdriver.support.select.Select object at 0x7f56d9c51090>\n../local/lib/python3.11/site-packages/selenium/webdriver/remote/webelement.py:177: in get_attribute\n    attribute_value = self.parent.execute_script(\n        name       = 'index'\n        self       = <selenium.webdriver.remote.webelement.WebElement (session=\"86147258261c37b79cfaaf7027634fb7\", element=\"3A75FFFFD6AE5BE0C72EFACE60CC6511_element_131\")>\n../local/lib/python3.11/site-packages/selenium/webdriver/remote/webdriver.py:407: in execute_script\n    return self.execute(command, {\"script\": script, \"args\": converted_args})[\"value\"]\n        args       = (<selenium.webdriver.remote.webelement.WebElement (session=\"86147258261c37b79cfaaf7027634fb7\", element=\"3A75FFFFD6AE5BE0C72EFACE60CC6511_element_131\")>, 'index')\n        command    = 'w3cExecuteScript'\n        converted_args = [<selenium.webdriver.remote.webelement.WebElement (session=\"86147258261c37b79cfaaf7027634fb7\", element=\"3A75FFFFD6AE5BE0C72EFACE60CC6511_element_131\")>, 'index']\n        script     = '/* getAttribute */return (function(){return (function(){var h=this||self;function aa(a){return\"string\"==typeof a}func...ow.navigator:null,document:typeof window!=\\'undefined\\'?window.document:null}, arguments);}\\n).apply(null, arguments);'\n        self       = <selenium.webdriver.chrome.webdriver.WebDriver (session=\"86147258261c37b79cfaaf7027634fb7\")>\n../local/lib/python3.11/site-packages/selenium/webdriver/remote/webdriver.py:347: in execute\n    self.error_handler.check_response(response)\n        driver_command = 'w3cExecuteScript'\n        params     = {'args': [{'element-6066-11e4-a52e-4f735466cecf': '3A75FFFFD6AE5BE0C72EFACE60CC6511_element_131'}, 'index'], 'script':...w.navigator:null,document:typeof window!=\\'undefined\\'?window.document:null}, arguments);}\\n).apply(null, arguments);'}\n        response   = {'status': 404, 'value': '{\"value\":{\"error\":\"stale element reference\",\"message\":\"stale element reference: stale element not found\\\\n  (Session info: headless chrome=119.0.6045.159)\",\"stacktrace\":\"\"}}'}\n        self       = <selenium.webdriver.chrome.webdriver.WebDriver (session=\"86147258261c37b79cfaaf7027634fb7\")>\n../local/lib/python3.11/site-packages/selenium/webdriver/remote/errorhandler.py:229: in check_response\n    raise exception_class(message, screen, stacktrace)\nE   selenium.common.exceptions.StaleElementReferenceException: Message: stale element reference: stale element not found\nE     (Session info: headless chrome=119.0.6045.159); For documentation on this error, please visit: https://www.selenium.dev/documentation/webdriver/troubleshooting/errors#stale-element-reference-exception\n        e          = <selenium.webdriver.remote.errorhandler.ErrorCode object at 0x7f56da269d10>\n        error_code = 'STALE_ELEMENT_REFERENCE'\n        error_codes = ['ELEMENT_CLICK_INTERCEPTED', 'ELEMENT_IS_NOT_SELECTABLE', 'ELEMENT_NOT_INTERACTABLE', 'ELEMENT_NOT_VISIBLE', 'IME_ENGINE_ACTIVATION_FAILED', 'IME_NOT_AVAILABLE', ...]\n        error_info = [10, 'stale element reference']\n        exception_class = <class 'selenium.common.exceptions.StaleElementReferenceException'>\n        json       = <module 'json' from '/usr/local/lib/python3.11/json/__init__.py'>\n        message    = 'stale element reference: stale element not found\\n  (Session info: headless chrome=119.0.6045.159)'\n        response   = {'status': 404, 'value': '{\"value\":{\"error\":\"stale element reference\",\"message\":\"stale element reference: stale element not found\\\\n  (Session info: headless chrome=119.0.6045.159)\",\"stacktrace\":\"\"}}'}\n        screen     = None\n        self       = <selenium.webdriver.remote.errorhandler.ErrorHandler object at 0x7f56d83f39d0>\n        st_value   = ''\n        stacktrace = None\n        status     = 'stale element reference'\n        value      = {'error': 'stale element reference', 'message': 'stale element reference: stale element not found\\n  (Session info: headless chrome=119.0.6045.159)', 'stacktrace': ''}\n        value_json = '{\"value\":{\"error\":\"stale element reference\",\"message\":\"stale element reference: stale element not found\\\\n  (Session info: headless chrome=119.0.6045.159)\",\"stacktrace\":\"\"}}'",
    "steps" : [ {
      "name" : "Navigate to Register page",
      "time" : {
        "start" : 1704789350069,
        "stop" : 1704789350625,
        "duration" : 556
      },
      "status" : "passed",
      "steps" : [ ],
      "attachments" : [ ],
      "parameters" : [ ],
      "attachmentsCount" : 0,
      "shouldDisplayMessage" : false,
      "stepsCount" : 0,
      "hasContent" : false
    }, {
      "name" : "Register a new user",
      "time" : {
        "start" : 1704789350625,
        "stop" : 1704789351891,
        "duration" : 1266
      },
      "status" : "passed",
      "steps" : [ ],
      "attachments" : [ ],
      "parameters" : [ ],
      "attachmentsCount" : 0,
      "shouldDisplayMessage" : false,
      "stepsCount" : 0,
      "hasContent" : false
    }, {
      "name" : "Check registration is successful",
      "time" : {
        "start" : 1704789351892,
        "stop" : 1704789351928,
        "duration" : 36
      },
      "status" : "passed",
      "steps" : [ ],
      "attachments" : [ ],
      "parameters" : [ ],
      "attachmentsCount" : 0,
      "shouldDisplayMessage" : false,
      "stepsCount" : 0,
      "hasContent" : false
    }, {
      "name" : "Proceed to Open New Account page",
      "time" : {
        "start" : 1704789351928,
        "stop" : 1704789352115,
        "duration" : 187
      },
      "status" : "passed",
      "steps" : [ ],
      "attachments" : [ ],
      "parameters" : [ ],
      "attachmentsCount" : 0,
      "shouldDisplayMessage" : false,
      "stepsCount" : 0,
      "hasContent" : false
    }, {
      "name" : "Open new account",
      "time" : {
        "start" : 1704789352115,
        "stop" : 1704789352190,
        "duration" : 75
      },
      "status" : "broken",
      "statusMessage" : "selenium.common.exceptions.StaleElementReferenceException: Message: stale element reference: stale element not found\n  (Session info: headless chrome=119.0.6045.159); For documentation on this error, please visit: https://www.selenium.dev/documentation/webdriver/troubleshooting/errors#stale-element-reference-exception\n\n",
      "statusTrace" : "  File \"/usr/workspace/tests/core_features/test_funds_transfer.py\", line 122, in test_funds_transfer_with_empty_amount\n    open_new_account_page.from_account_dropdown.select_by_index(0)\n  File \"/usr/workspace/src/base/base_element.py\", line 45, in select_by_index\n    select.select_by_index(index)\n  File \"/usr/local/lib/python3.11/site-packages/selenium/webdriver/support/select.py\", line 97, in select_by_index\n    if opt.get_attribute(\"index\") == match:\n       ^^^^^^^^^^^^^^^^^^^^^^^^^^\n  File \"/usr/local/lib/python3.11/site-packages/selenium/webdriver/remote/webelement.py\", line 177, in get_attribute\n    attribute_value = self.parent.execute_script(\n                      ^^^^^^^^^^^^^^^^^^^^^^^^^^^\n  File \"/usr/local/lib/python3.11/site-packages/selenium/webdriver/remote/webdriver.py\", line 407, in execute_script\n    return self.execute(command, {\"script\": script, \"args\": converted_args})[\"value\"]\n           ^^^^^^^^^^^^^^^^^^^^^^^^^^^^^^^^^^^^^^^^^^^^^^^^^^^^^^^^^^^^^^^^^\n  File \"/usr/local/lib/python3.11/site-packages/selenium/webdriver/remote/webdriver.py\", line 347, in execute\n    self.error_handler.check_response(response)\n  File \"/usr/local/lib/python3.11/site-packages/selenium/webdriver/remote/errorhandler.py\", line 229, in check_response\n    raise exception_class(message, screen, stacktrace)\n",
      "steps" : [ ],
      "attachments" : [ ],
      "parameters" : [ ],
      "attachmentsCount" : 0,
      "shouldDisplayMessage" : true,
      "stepsCount" : 0,
      "hasContent" : true
    } ],
    "attachments" : [ ],
    "parameters" : [ ],
    "attachmentsCount" : 0,
    "shouldDisplayMessage" : true,
    "stepsCount" : 5,
    "hasContent" : true
  },
  "afterStages" : [ {
    "name" : "Initialize driver::0",
    "time" : {
      "start" : 1704789352217,
      "stop" : 1704789352276,
      "duration" : 59
    },
    "status" : "passed",
    "steps" : [ {
      "name" : "Terminate driver",
      "time" : {
        "start" : 1704789352217,
        "stop" : 1704789352275,
        "duration" : 58
      },
      "status" : "passed",
      "steps" : [ ],
      "attachments" : [ ],
      "parameters" : [ ],
      "attachmentsCount" : 0,
      "shouldDisplayMessage" : false,
      "stepsCount" : 0,
      "hasContent" : false
    } ],
    "attachments" : [ ],
    "parameters" : [ ],
    "attachmentsCount" : 0,
    "shouldDisplayMessage" : false,
    "stepsCount" : 1,
    "hasContent" : true
  } ],
  "labels" : [ {
    "name" : "severity",
    "value" : "Minor"
  }, {
    "name" : "epic",
    "value" : "PARA-15242: Funds operations"
  }, {
    "name" : "feature",
    "value" : "PARA-15270: Funds transfer"
  }, {
    "name" : "parentSuite",
    "value" : "tests.core_features"
  }, {
    "name" : "suite",
    "value" : "test_funds_transfer"
  }, {
    "name" : "subSuite",
    "value" : "TestFundsTransfer"
  }, {
    "name" : "host",
    "value" : "ec1791713046"
  }, {
    "name" : "thread",
    "value" : "1-MainThread"
  }, {
    "name" : "framework",
    "value" : "pytest"
  }, {
    "name" : "language",
    "value" : "cpython3"
  }, {
    "name" : "package",
    "value" : "tests.core_features.test_funds_transfer"
  }, {
    "name" : "resultFormat",
    "value" : "allure2"
  } ],
  "parameters" : [ ],
  "links" : [ ],
  "hidden" : true,
  "retry" : true,
  "extra" : {
    "categories" : [ ],
    "tags" : [ ]
  },
  "source" : "764c8f700e425862.json",
  "parameterValues" : [ ]
}