{
  "uid" : "be8c1771c8369003",
  "name" : "Newly created account is displayed in the table",
  "fullName" : "tests.core_features.test_account_display.TestAccountDisplay#test_new_account_display",
  "historyId" : "63bec0651d7837f23a81ac9022330693",
  "time" : {
    "start" : 1705747008321,
    "stop" : 1705747010574,
    "duration" : 2253
  },
  "status" : "broken",
  "statusMessage" : "selenium.common.exceptions.StaleElementReferenceException: Message: stale element reference: stale element not found\n  (Session info: headless chrome=119.0.6045.159); For documentation on this error, please visit: https://www.selenium.dev/documentation/webdriver/troubleshooting/errors#stale-element-reference-exception",
  "statusTrace" : "tests/core_features/test_account_display.py:75: in test_new_account_display\n    open_new_account_page.from_account_dropdown.select_by_index(0)\n        accounts_overview_page = <src.pages.accounts_overview_page.AccountsOverviewPage object at 0x7f47008ba8d0>\n        driver     = <selenium.webdriver.chrome.webdriver.WebDriver (session=\"91d0a245fd703e6b94bb322dd65aaaf2\")>\n        home_page  = <src.pages.home_page.HomePage object at 0x7f46ff193e10>\n        initial_account_count = 11\n        open_new_account_page = <src.pages.open_new_account_page.OpenNewAccountPage object at 0x7f47008bb4d0>\n        self       = <test_account_display.TestAccountDisplay object at 0x7f4700465810>\nsrc/base/base_element.py:46: in select_by_index\n    select.select_by_index(index)\n        index      = 0\n        select     = <selenium.webdriver.support.select.Select object at 0x7f47008b9dd0>\n        self       = <src.base.base_element.BaseElement object at 0x7f47008b9c10>\n../local/lib/python3.11/site-packages/selenium/webdriver/support/select.py:98: in select_by_index\n    self._set_selected(opt)\n        index      = 0\n        match      = '0'\n        opt        = <selenium.webdriver.remote.webelement.WebElement (session=\"91d0a245fd703e6b94bb322dd65aaaf2\", element=\"4167F2FFED2529714007DF6F987791CB_element_121\")>\n        self       = <selenium.webdriver.support.select.Select object at 0x7f47008b9dd0>\n../local/lib/python3.11/site-packages/selenium/webdriver/support/select.py:211: in _set_selected\n    if not option.is_selected():\n        option     = <selenium.webdriver.remote.webelement.WebElement (session=\"91d0a245fd703e6b94bb322dd65aaaf2\", element=\"4167F2FFED2529714007DF6F987791CB_element_121\")>\n        self       = <selenium.webdriver.support.select.Select object at 0x7f47008b9dd0>\n../local/lib/python3.11/site-packages/selenium/webdriver/remote/webelement.py:187: in is_selected\n    return self._execute(Command.IS_ELEMENT_SELECTED)[\"value\"]\n        self       = <selenium.webdriver.remote.webelement.WebElement (session=\"91d0a245fd703e6b94bb322dd65aaaf2\", element=\"4167F2FFED2529714007DF6F987791CB_element_121\")>\n../local/lib/python3.11/site-packages/selenium/webdriver/remote/webelement.py:394: in _execute\n    return self._parent.execute(command, params)\n        command    = 'isElementSelected'\n        params     = {'id': '4167F2FFED2529714007DF6F987791CB_element_121'}\n        self       = <selenium.webdriver.remote.webelement.WebElement (session=\"91d0a245fd703e6b94bb322dd65aaaf2\", element=\"4167F2FFED2529714007DF6F987791CB_element_121\")>\n../local/lib/python3.11/site-packages/selenium/webdriver/remote/webdriver.py:347: in execute\n    self.error_handler.check_response(response)\n        driver_command = 'isElementSelected'\n        params     = {}\n        response   = {'status': 404, 'value': '{\"value\":{\"error\":\"stale element reference\",\"message\":\"stale element reference: stale element not found\\\\n  (Session info: headless chrome=119.0.6045.159)\",\"stacktrace\":\"\"}}'}\n        self       = <selenium.webdriver.chrome.webdriver.WebDriver (session=\"91d0a245fd703e6b94bb322dd65aaaf2\")>\n../local/lib/python3.11/site-packages/selenium/webdriver/remote/errorhandler.py:229: in check_response\n    raise exception_class(message, screen, stacktrace)\nE   selenium.common.exceptions.StaleElementReferenceException: Message: stale element reference: stale element not found\nE     (Session info: headless chrome=119.0.6045.159); For documentation on this error, please visit: https://www.selenium.dev/documentation/webdriver/troubleshooting/errors#stale-element-reference-exception\n        e          = <selenium.webdriver.remote.errorhandler.ErrorCode object at 0x7f47008bbe50>\n        error_code = 'STALE_ELEMENT_REFERENCE'\n        error_codes = ['ELEMENT_CLICK_INTERCEPTED', 'ELEMENT_IS_NOT_SELECTABLE', 'ELEMENT_NOT_INTERACTABLE', 'ELEMENT_NOT_VISIBLE', 'IME_ENGINE_ACTIVATION_FAILED', 'IME_NOT_AVAILABLE', ...]\n        error_info = [10, 'stale element reference']\n        exception_class = <class 'selenium.common.exceptions.StaleElementReferenceException'>\n        json       = <module 'json' from '/usr/local/lib/python3.11/json/__init__.py'>\n        message    = 'stale element reference: stale element not found\\n  (Session info: headless chrome=119.0.6045.159)'\n        response   = {'status': 404, 'value': '{\"value\":{\"error\":\"stale element reference\",\"message\":\"stale element reference: stale element not found\\\\n  (Session info: headless chrome=119.0.6045.159)\",\"stacktrace\":\"\"}}'}\n        screen     = None\n        self       = <selenium.webdriver.remote.errorhandler.ErrorHandler object at 0x7f46ff17cf50>\n        st_value   = ''\n        stacktrace = None\n        status     = 'stale element reference'\n        value      = {'error': 'stale element reference', 'message': 'stale element reference: stale element not found\\n  (Session info: headless chrome=119.0.6045.159)', 'stacktrace': ''}\n        value_json = '{\"value\":{\"error\":\"stale element reference\",\"message\":\"stale element reference: stale element not found\\\\n  (Session info: headless chrome=119.0.6045.159)\",\"stacktrace\":\"\"}}'",
  "flaky" : false,
  "newFailed" : false,
  "beforeStages" : [ {
    "name" : "Health check request",
    "time" : {
      "start" : 1705746993376,
      "stop" : 1705746994076,
      "duration" : 700
    },
    "status" : "passed",
    "steps" : [ ],
    "attachments" : [ ],
    "parameters" : [ ],
    "attachmentsCount" : 0,
    "shouldDisplayMessage" : false,
    "hasContent" : false,
    "stepsCount" : 0
  }, {
    "name" : "_session_faker",
    "time" : {
      "start" : 1705746993355,
      "stop" : 1705746993376,
      "duration" : 21
    },
    "status" : "passed",
    "steps" : [ ],
    "attachments" : [ ],
    "parameters" : [ ],
    "attachmentsCount" : 0,
    "shouldDisplayMessage" : false,
    "hasContent" : false,
    "stepsCount" : 0
  }, {
    "name" : "Initialize driver",
    "time" : {
      "start" : 1705747007487,
      "stop" : 1705747008320,
      "duration" : 833
    },
    "status" : "passed",
    "steps" : [ ],
    "attachments" : [ ],
    "parameters" : [ ],
    "attachmentsCount" : 0,
    "shouldDisplayMessage" : false,
    "hasContent" : false,
    "stepsCount" : 0
  } ],
  "testStage" : {
    "status" : "broken",
    "statusMessage" : "selenium.common.exceptions.StaleElementReferenceException: Message: stale element reference: stale element not found\n  (Session info: headless chrome=119.0.6045.159); For documentation on this error, please visit: https://www.selenium.dev/documentation/webdriver/troubleshooting/errors#stale-element-reference-exception",
    "statusTrace" : "tests/core_features/test_account_display.py:75: in test_new_account_display\n    open_new_account_page.from_account_dropdown.select_by_index(0)\n        accounts_overview_page = <src.pages.accounts_overview_page.AccountsOverviewPage object at 0x7f47008ba8d0>\n        driver     = <selenium.webdriver.chrome.webdriver.WebDriver (session=\"91d0a245fd703e6b94bb322dd65aaaf2\")>\n        home_page  = <src.pages.home_page.HomePage object at 0x7f46ff193e10>\n        initial_account_count = 11\n        open_new_account_page = <src.pages.open_new_account_page.OpenNewAccountPage object at 0x7f47008bb4d0>\n        self       = <test_account_display.TestAccountDisplay object at 0x7f4700465810>\nsrc/base/base_element.py:46: in select_by_index\n    select.select_by_index(index)\n        index      = 0\n        select     = <selenium.webdriver.support.select.Select object at 0x7f47008b9dd0>\n        self       = <src.base.base_element.BaseElement object at 0x7f47008b9c10>\n../local/lib/python3.11/site-packages/selenium/webdriver/support/select.py:98: in select_by_index\n    self._set_selected(opt)\n        index      = 0\n        match      = '0'\n        opt        = <selenium.webdriver.remote.webelement.WebElement (session=\"91d0a245fd703e6b94bb322dd65aaaf2\", element=\"4167F2FFED2529714007DF6F987791CB_element_121\")>\n        self       = <selenium.webdriver.support.select.Select object at 0x7f47008b9dd0>\n../local/lib/python3.11/site-packages/selenium/webdriver/support/select.py:211: in _set_selected\n    if not option.is_selected():\n        option     = <selenium.webdriver.remote.webelement.WebElement (session=\"91d0a245fd703e6b94bb322dd65aaaf2\", element=\"4167F2FFED2529714007DF6F987791CB_element_121\")>\n        self       = <selenium.webdriver.support.select.Select object at 0x7f47008b9dd0>\n../local/lib/python3.11/site-packages/selenium/webdriver/remote/webelement.py:187: in is_selected\n    return self._execute(Command.IS_ELEMENT_SELECTED)[\"value\"]\n        self       = <selenium.webdriver.remote.webelement.WebElement (session=\"91d0a245fd703e6b94bb322dd65aaaf2\", element=\"4167F2FFED2529714007DF6F987791CB_element_121\")>\n../local/lib/python3.11/site-packages/selenium/webdriver/remote/webelement.py:394: in _execute\n    return self._parent.execute(command, params)\n        command    = 'isElementSelected'\n        params     = {'id': '4167F2FFED2529714007DF6F987791CB_element_121'}\n        self       = <selenium.webdriver.remote.webelement.WebElement (session=\"91d0a245fd703e6b94bb322dd65aaaf2\", element=\"4167F2FFED2529714007DF6F987791CB_element_121\")>\n../local/lib/python3.11/site-packages/selenium/webdriver/remote/webdriver.py:347: in execute\n    self.error_handler.check_response(response)\n        driver_command = 'isElementSelected'\n        params     = {}\n        response   = {'status': 404, 'value': '{\"value\":{\"error\":\"stale element reference\",\"message\":\"stale element reference: stale element not found\\\\n  (Session info: headless chrome=119.0.6045.159)\",\"stacktrace\":\"\"}}'}\n        self       = <selenium.webdriver.chrome.webdriver.WebDriver (session=\"91d0a245fd703e6b94bb322dd65aaaf2\")>\n../local/lib/python3.11/site-packages/selenium/webdriver/remote/errorhandler.py:229: in check_response\n    raise exception_class(message, screen, stacktrace)\nE   selenium.common.exceptions.StaleElementReferenceException: Message: stale element reference: stale element not found\nE     (Session info: headless chrome=119.0.6045.159); For documentation on this error, please visit: https://www.selenium.dev/documentation/webdriver/troubleshooting/errors#stale-element-reference-exception\n        e          = <selenium.webdriver.remote.errorhandler.ErrorCode object at 0x7f47008bbe50>\n        error_code = 'STALE_ELEMENT_REFERENCE'\n        error_codes = ['ELEMENT_CLICK_INTERCEPTED', 'ELEMENT_IS_NOT_SELECTABLE', 'ELEMENT_NOT_INTERACTABLE', 'ELEMENT_NOT_VISIBLE', 'IME_ENGINE_ACTIVATION_FAILED', 'IME_NOT_AVAILABLE', ...]\n        error_info = [10, 'stale element reference']\n        exception_class = <class 'selenium.common.exceptions.StaleElementReferenceException'>\n        json       = <module 'json' from '/usr/local/lib/python3.11/json/__init__.py'>\n        message    = 'stale element reference: stale element not found\\n  (Session info: headless chrome=119.0.6045.159)'\n        response   = {'status': 404, 'value': '{\"value\":{\"error\":\"stale element reference\",\"message\":\"stale element reference: stale element not found\\\\n  (Session info: headless chrome=119.0.6045.159)\",\"stacktrace\":\"\"}}'}\n        screen     = None\n        self       = <selenium.webdriver.remote.errorhandler.ErrorHandler object at 0x7f46ff17cf50>\n        st_value   = ''\n        stacktrace = None\n        status     = 'stale element reference'\n        value      = {'error': 'stale element reference', 'message': 'stale element reference: stale element not found\\n  (Session info: headless chrome=119.0.6045.159)', 'stacktrace': ''}\n        value_json = '{\"value\":{\"error\":\"stale element reference\",\"message\":\"stale element reference: stale element not found\\\\n  (Session info: headless chrome=119.0.6045.159)\",\"stacktrace\":\"\"}}'",
    "steps" : [ {
      "name" : "Navigate to Home page",
      "time" : {
        "start" : 1705747008321,
        "stop" : 1705747009043,
        "duration" : 722
      },
      "status" : "passed",
      "steps" : [ ],
      "attachments" : [ ],
      "parameters" : [ ],
      "attachmentsCount" : 0,
      "shouldDisplayMessage" : false,
      "hasContent" : false,
      "stepsCount" : 0
    }, {
      "name" : "Fill in valid username and password",
      "time" : {
        "start" : 1705747009043,
        "stop" : 1705747009197,
        "duration" : 154
      },
      "status" : "passed",
      "steps" : [ ],
      "attachments" : [ ],
      "parameters" : [ ],
      "attachmentsCount" : 0,
      "shouldDisplayMessage" : false,
      "hasContent" : false,
      "stepsCount" : 0
    }, {
      "name" : "Log in",
      "time" : {
        "start" : 1705747009197,
        "stop" : 1705747009654,
        "duration" : 457
      },
      "status" : "passed",
      "steps" : [ ],
      "attachments" : [ ],
      "parameters" : [ ],
      "attachmentsCount" : 0,
      "shouldDisplayMessage" : false,
      "hasContent" : false,
      "stepsCount" : 0
    }, {
      "name" : "Check number of accounts displayed in the table",
      "time" : {
        "start" : 1705747009654,
        "stop" : 1705747010270,
        "duration" : 616
      },
      "status" : "passed",
      "steps" : [ ],
      "attachments" : [ ],
      "parameters" : [ ],
      "attachmentsCount" : 0,
      "shouldDisplayMessage" : false,
      "hasContent" : false,
      "stepsCount" : 0
    }, {
      "name" : "Navigate to Open New Account page",
      "time" : {
        "start" : 1705747010270,
        "stop" : 1705747010465,
        "duration" : 195
      },
      "status" : "passed",
      "steps" : [ ],
      "attachments" : [ ],
      "parameters" : [ ],
      "attachmentsCount" : 0,
      "shouldDisplayMessage" : false,
      "hasContent" : false,
      "stepsCount" : 0
    }, {
      "name" : "Open new account",
      "time" : {
        "start" : 1705747010465,
        "stop" : 1705747010573,
        "duration" : 108
      },
      "status" : "broken",
      "statusMessage" : "selenium.common.exceptions.StaleElementReferenceException: Message: stale element reference: stale element not found\n  (Session info: headless chrome=119.0.6045.159); For documentation on this error, please visit: https://www.selenium.dev/documentation/webdriver/troubleshooting/errors#stale-element-reference-exception\n\n",
      "statusTrace" : "  File \"/usr/workspace/tests/core_features/test_account_display.py\", line 75, in test_new_account_display\n    open_new_account_page.from_account_dropdown.select_by_index(0)\n  File \"/usr/workspace/src/base/base_element.py\", line 46, in select_by_index\n    select.select_by_index(index)\n  File \"/usr/local/lib/python3.11/site-packages/selenium/webdriver/support/select.py\", line 98, in select_by_index\n    self._set_selected(opt)\n  File \"/usr/local/lib/python3.11/site-packages/selenium/webdriver/support/select.py\", line 211, in _set_selected\n    if not option.is_selected():\n           ^^^^^^^^^^^^^^^^^^^^\n  File \"/usr/local/lib/python3.11/site-packages/selenium/webdriver/remote/webelement.py\", line 187, in is_selected\n    return self._execute(Command.IS_ELEMENT_SELECTED)[\"value\"]\n           ^^^^^^^^^^^^^^^^^^^^^^^^^^^^^^^^^^^^^^^^^^\n  File \"/usr/local/lib/python3.11/site-packages/selenium/webdriver/remote/webelement.py\", line 394, in _execute\n    return self._parent.execute(command, params)\n           ^^^^^^^^^^^^^^^^^^^^^^^^^^^^^^^^^^^^^\n  File \"/usr/local/lib/python3.11/site-packages/selenium/webdriver/remote/webdriver.py\", line 347, in execute\n    self.error_handler.check_response(response)\n  File \"/usr/local/lib/python3.11/site-packages/selenium/webdriver/remote/errorhandler.py\", line 229, in check_response\n    raise exception_class(message, screen, stacktrace)\n",
      "steps" : [ ],
      "attachments" : [ ],
      "parameters" : [ ],
      "attachmentsCount" : 0,
      "shouldDisplayMessage" : true,
      "hasContent" : true,
      "stepsCount" : 0
    } ],
    "attachments" : [ ],
    "parameters" : [ ],
    "attachmentsCount" : 0,
    "shouldDisplayMessage" : true,
    "hasContent" : true,
    "stepsCount" : 6
  },
  "afterStages" : [ {
    "name" : "Initialize driver::0",
    "time" : {
      "start" : 1705747010632,
      "stop" : 1705747010689,
      "duration" : 57
    },
    "status" : "passed",
    "steps" : [ {
      "name" : "Terminate driver",
      "time" : {
        "start" : 1705747010632,
        "stop" : 1705747010689,
        "duration" : 57
      },
      "status" : "passed",
      "steps" : [ ],
      "attachments" : [ ],
      "parameters" : [ ],
      "attachmentsCount" : 0,
      "shouldDisplayMessage" : false,
      "hasContent" : false,
      "stepsCount" : 0
    } ],
    "attachments" : [ ],
    "parameters" : [ ],
    "attachmentsCount" : 0,
    "shouldDisplayMessage" : false,
    "hasContent" : true,
    "stepsCount" : 1
  } ],
  "labels" : [ {
    "name" : "epic",
    "value" : "PARA-15241: Account operations"
  }, {
    "name" : "feature",
    "value" : "PARA-15251: Account display in Accounts Overview table"
  }, {
    "name" : "severity",
    "value" : "Critical"
  }, {
    "name" : "parentSuite",
    "value" : "tests.core_features"
  }, {
    "name" : "suite",
    "value" : "test_account_display"
  }, {
    "name" : "subSuite",
    "value" : "TestAccountDisplay"
  }, {
    "name" : "host",
    "value" : "96264ae6ff2c"
  }, {
    "name" : "thread",
    "value" : "1-MainThread"
  }, {
    "name" : "framework",
    "value" : "pytest"
  }, {
    "name" : "language",
    "value" : "cpython3"
  }, {
    "name" : "package",
    "value" : "tests.core_features.test_account_display"
  }, {
    "name" : "resultFormat",
    "value" : "allure2"
  } ],
  "parameters" : [ ],
  "links" : [ ],
  "hidden" : true,
  "retry" : true,
  "extra" : {
    "categories" : [ ],
    "tags" : [ ]
  },
  "source" : "be8c1771c8369003.json",
  "parameterValues" : [ ]
}