{
  "uid" : "d44a3eb32b511f58",
  "name" : "Newly created account is displayed in the table",
  "fullName" : "tests.core_features.test_account_display.TestAccountDisplay#test_new_account_display",
  "historyId" : "63bec0651d7837f23a81ac9022330693",
  "time" : {
    "start" : 1705931796036,
    "stop" : 1705931798222,
    "duration" : 2186
  },
  "status" : "broken",
  "statusMessage" : "selenium.common.exceptions.StaleElementReferenceException: Message: stale element reference: stale element not found\n  (Session info: headless chrome=119.0.6045.159); For documentation on this error, please visit: https://www.selenium.dev/documentation/webdriver/troubleshooting/errors#stale-element-reference-exception",
  "statusTrace" : "tests/core_features/test_account_display.py:75: in test_new_account_display\n    open_new_account_page.from_account_dropdown.select_by_index(0)\n        accounts_overview_page = <src.pages.accounts_overview_page.AccountsOverviewPage object at 0x7fdd0f366310>\n        driver     = <selenium.webdriver.chrome.webdriver.WebDriver (session=\"2184afb30febf6bc4bae246c241de3a3\")>\n        home_page  = <src.pages.home_page.HomePage object at 0x7fdd10a8b910>\n        initial_account_count = 1\n        open_new_account_page = <src.pages.open_new_account_page.OpenNewAccountPage object at 0x7fdd0f365d10>\n        self       = <test_account_display.TestAccountDisplay object at 0x7fdd10631a10>\nsrc/base/base_element.py:46: in select_by_index\n    select.select_by_index(index)\n        index      = 0\n        select     = <selenium.webdriver.support.select.Select object at 0x7fdd0f367390>\n        self       = <src.base.base_element.BaseElement object at 0x7fdd0f364d90>\n../local/lib/python3.11/site-packages/selenium/webdriver/support/select.py:97: in select_by_index\n    if opt.get_attribute(\"index\") == match:\n        index      = 0\n        match      = '0'\n        opt        = <selenium.webdriver.remote.webelement.WebElement (session=\"2184afb30febf6bc4bae246c241de3a3\", element=\"8FB64CF5AC8C919390ED4308E77EECB5_element_81\")>\n        self       = <selenium.webdriver.support.select.Select object at 0x7fdd0f367390>\n../local/lib/python3.11/site-packages/selenium/webdriver/remote/webelement.py:177: in get_attribute\n    attribute_value = self.parent.execute_script(\n        name       = 'index'\n        self       = <selenium.webdriver.remote.webelement.WebElement (session=\"2184afb30febf6bc4bae246c241de3a3\", element=\"8FB64CF5AC8C919390ED4308E77EECB5_element_81\")>\n../local/lib/python3.11/site-packages/selenium/webdriver/remote/webdriver.py:407: in execute_script\n    return self.execute(command, {\"script\": script, \"args\": converted_args})[\"value\"]\n        args       = (<selenium.webdriver.remote.webelement.WebElement (session=\"2184afb30febf6bc4bae246c241de3a3\", element=\"8FB64CF5AC8C919390ED4308E77EECB5_element_81\")>, 'index')\n        command    = 'w3cExecuteScript'\n        converted_args = [<selenium.webdriver.remote.webelement.WebElement (session=\"2184afb30febf6bc4bae246c241de3a3\", element=\"8FB64CF5AC8C919390ED4308E77EECB5_element_81\")>, 'index']\n        script     = '/* getAttribute */return (function(){return (function(){var h=this||self;function aa(a){return\"string\"==typeof a}func...ow.navigator:null,document:typeof window!=\\'undefined\\'?window.document:null}, arguments);}\\n).apply(null, arguments);'\n        self       = <selenium.webdriver.chrome.webdriver.WebDriver (session=\"2184afb30febf6bc4bae246c241de3a3\")>\n../local/lib/python3.11/site-packages/selenium/webdriver/remote/webdriver.py:347: in execute\n    self.error_handler.check_response(response)\n        driver_command = 'w3cExecuteScript'\n        params     = {'args': [{'element-6066-11e4-a52e-4f735466cecf': '8FB64CF5AC8C919390ED4308E77EECB5_element_81'}, 'index'], 'script': ...w.navigator:null,document:typeof window!=\\'undefined\\'?window.document:null}, arguments);}\\n).apply(null, arguments);'}\n        response   = {'status': 404, 'value': '{\"value\":{\"error\":\"stale element reference\",\"message\":\"stale element reference: stale element not found\\\\n  (Session info: headless chrome=119.0.6045.159)\",\"stacktrace\":\"\"}}'}\n        self       = <selenium.webdriver.chrome.webdriver.WebDriver (session=\"2184afb30febf6bc4bae246c241de3a3\")>\n../local/lib/python3.11/site-packages/selenium/webdriver/remote/errorhandler.py:229: in check_response\n    raise exception_class(message, screen, stacktrace)\nE   selenium.common.exceptions.StaleElementReferenceException: Message: stale element reference: stale element not found\nE     (Session info: headless chrome=119.0.6045.159); For documentation on this error, please visit: https://www.selenium.dev/documentation/webdriver/troubleshooting/errors#stale-element-reference-exception\n        e          = <selenium.webdriver.remote.errorhandler.ErrorCode object at 0x7fdd0f366990>\n        error_code = 'STALE_ELEMENT_REFERENCE'\n        error_codes = ['ELEMENT_CLICK_INTERCEPTED', 'ELEMENT_IS_NOT_SELECTABLE', 'ELEMENT_NOT_INTERACTABLE', 'ELEMENT_NOT_VISIBLE', 'IME_ENGINE_ACTIVATION_FAILED', 'IME_NOT_AVAILABLE', ...]\n        error_info = [10, 'stale element reference']\n        exception_class = <class 'selenium.common.exceptions.StaleElementReferenceException'>\n        json       = <module 'json' from '/usr/local/lib/python3.11/json/__init__.py'>\n        message    = 'stale element reference: stale element not found\\n  (Session info: headless chrome=119.0.6045.159)'\n        response   = {'status': 404, 'value': '{\"value\":{\"error\":\"stale element reference\",\"message\":\"stale element reference: stale element not found\\\\n  (Session info: headless chrome=119.0.6045.159)\",\"stacktrace\":\"\"}}'}\n        screen     = None\n        self       = <selenium.webdriver.remote.errorhandler.ErrorHandler object at 0x7fdd0d9a4290>\n        st_value   = ''\n        stacktrace = None\n        status     = 'stale element reference'\n        value      = {'error': 'stale element reference', 'message': 'stale element reference: stale element not found\\n  (Session info: headless chrome=119.0.6045.159)', 'stacktrace': ''}\n        value_json = '{\"value\":{\"error\":\"stale element reference\",\"message\":\"stale element reference: stale element not found\\\\n  (Session info: headless chrome=119.0.6045.159)\",\"stacktrace\":\"\"}}'",
  "flaky" : false,
  "newFailed" : false,
  "beforeStages" : [ {
    "name" : "Initialize driver",
    "time" : {
      "start" : 1705931795201,
      "stop" : 1705931796035,
      "duration" : 834
    },
    "status" : "passed",
    "steps" : [ ],
    "attachments" : [ ],
    "parameters" : [ ],
    "attachmentsCount" : 0,
    "shouldDisplayMessage" : false,
    "stepsCount" : 0,
    "hasContent" : false
  }, {
    "name" : "Health check request",
    "time" : {
      "start" : 1705931782868,
      "stop" : 1705931783453,
      "duration" : 585
    },
    "status" : "passed",
    "steps" : [ ],
    "attachments" : [ ],
    "parameters" : [ ],
    "attachmentsCount" : 0,
    "shouldDisplayMessage" : false,
    "stepsCount" : 0,
    "hasContent" : false
  }, {
    "name" : "_session_faker",
    "time" : {
      "start" : 1705931782847,
      "stop" : 1705931782867,
      "duration" : 20
    },
    "status" : "passed",
    "steps" : [ ],
    "attachments" : [ ],
    "parameters" : [ ],
    "attachmentsCount" : 0,
    "shouldDisplayMessage" : false,
    "stepsCount" : 0,
    "hasContent" : false
  } ],
  "testStage" : {
    "status" : "broken",
    "statusMessage" : "selenium.common.exceptions.StaleElementReferenceException: Message: stale element reference: stale element not found\n  (Session info: headless chrome=119.0.6045.159); For documentation on this error, please visit: https://www.selenium.dev/documentation/webdriver/troubleshooting/errors#stale-element-reference-exception",
    "statusTrace" : "tests/core_features/test_account_display.py:75: in test_new_account_display\n    open_new_account_page.from_account_dropdown.select_by_index(0)\n        accounts_overview_page = <src.pages.accounts_overview_page.AccountsOverviewPage object at 0x7fdd0f366310>\n        driver     = <selenium.webdriver.chrome.webdriver.WebDriver (session=\"2184afb30febf6bc4bae246c241de3a3\")>\n        home_page  = <src.pages.home_page.HomePage object at 0x7fdd10a8b910>\n        initial_account_count = 1\n        open_new_account_page = <src.pages.open_new_account_page.OpenNewAccountPage object at 0x7fdd0f365d10>\n        self       = <test_account_display.TestAccountDisplay object at 0x7fdd10631a10>\nsrc/base/base_element.py:46: in select_by_index\n    select.select_by_index(index)\n        index      = 0\n        select     = <selenium.webdriver.support.select.Select object at 0x7fdd0f367390>\n        self       = <src.base.base_element.BaseElement object at 0x7fdd0f364d90>\n../local/lib/python3.11/site-packages/selenium/webdriver/support/select.py:97: in select_by_index\n    if opt.get_attribute(\"index\") == match:\n        index      = 0\n        match      = '0'\n        opt        = <selenium.webdriver.remote.webelement.WebElement (session=\"2184afb30febf6bc4bae246c241de3a3\", element=\"8FB64CF5AC8C919390ED4308E77EECB5_element_81\")>\n        self       = <selenium.webdriver.support.select.Select object at 0x7fdd0f367390>\n../local/lib/python3.11/site-packages/selenium/webdriver/remote/webelement.py:177: in get_attribute\n    attribute_value = self.parent.execute_script(\n        name       = 'index'\n        self       = <selenium.webdriver.remote.webelement.WebElement (session=\"2184afb30febf6bc4bae246c241de3a3\", element=\"8FB64CF5AC8C919390ED4308E77EECB5_element_81\")>\n../local/lib/python3.11/site-packages/selenium/webdriver/remote/webdriver.py:407: in execute_script\n    return self.execute(command, {\"script\": script, \"args\": converted_args})[\"value\"]\n        args       = (<selenium.webdriver.remote.webelement.WebElement (session=\"2184afb30febf6bc4bae246c241de3a3\", element=\"8FB64CF5AC8C919390ED4308E77EECB5_element_81\")>, 'index')\n        command    = 'w3cExecuteScript'\n        converted_args = [<selenium.webdriver.remote.webelement.WebElement (session=\"2184afb30febf6bc4bae246c241de3a3\", element=\"8FB64CF5AC8C919390ED4308E77EECB5_element_81\")>, 'index']\n        script     = '/* getAttribute */return (function(){return (function(){var h=this||self;function aa(a){return\"string\"==typeof a}func...ow.navigator:null,document:typeof window!=\\'undefined\\'?window.document:null}, arguments);}\\n).apply(null, arguments);'\n        self       = <selenium.webdriver.chrome.webdriver.WebDriver (session=\"2184afb30febf6bc4bae246c241de3a3\")>\n../local/lib/python3.11/site-packages/selenium/webdriver/remote/webdriver.py:347: in execute\n    self.error_handler.check_response(response)\n        driver_command = 'w3cExecuteScript'\n        params     = {'args': [{'element-6066-11e4-a52e-4f735466cecf': '8FB64CF5AC8C919390ED4308E77EECB5_element_81'}, 'index'], 'script': ...w.navigator:null,document:typeof window!=\\'undefined\\'?window.document:null}, arguments);}\\n).apply(null, arguments);'}\n        response   = {'status': 404, 'value': '{\"value\":{\"error\":\"stale element reference\",\"message\":\"stale element reference: stale element not found\\\\n  (Session info: headless chrome=119.0.6045.159)\",\"stacktrace\":\"\"}}'}\n        self       = <selenium.webdriver.chrome.webdriver.WebDriver (session=\"2184afb30febf6bc4bae246c241de3a3\")>\n../local/lib/python3.11/site-packages/selenium/webdriver/remote/errorhandler.py:229: in check_response\n    raise exception_class(message, screen, stacktrace)\nE   selenium.common.exceptions.StaleElementReferenceException: Message: stale element reference: stale element not found\nE     (Session info: headless chrome=119.0.6045.159); For documentation on this error, please visit: https://www.selenium.dev/documentation/webdriver/troubleshooting/errors#stale-element-reference-exception\n        e          = <selenium.webdriver.remote.errorhandler.ErrorCode object at 0x7fdd0f366990>\n        error_code = 'STALE_ELEMENT_REFERENCE'\n        error_codes = ['ELEMENT_CLICK_INTERCEPTED', 'ELEMENT_IS_NOT_SELECTABLE', 'ELEMENT_NOT_INTERACTABLE', 'ELEMENT_NOT_VISIBLE', 'IME_ENGINE_ACTIVATION_FAILED', 'IME_NOT_AVAILABLE', ...]\n        error_info = [10, 'stale element reference']\n        exception_class = <class 'selenium.common.exceptions.StaleElementReferenceException'>\n        json       = <module 'json' from '/usr/local/lib/python3.11/json/__init__.py'>\n        message    = 'stale element reference: stale element not found\\n  (Session info: headless chrome=119.0.6045.159)'\n        response   = {'status': 404, 'value': '{\"value\":{\"error\":\"stale element reference\",\"message\":\"stale element reference: stale element not found\\\\n  (Session info: headless chrome=119.0.6045.159)\",\"stacktrace\":\"\"}}'}\n        screen     = None\n        self       = <selenium.webdriver.remote.errorhandler.ErrorHandler object at 0x7fdd0d9a4290>\n        st_value   = ''\n        stacktrace = None\n        status     = 'stale element reference'\n        value      = {'error': 'stale element reference', 'message': 'stale element reference: stale element not found\\n  (Session info: headless chrome=119.0.6045.159)', 'stacktrace': ''}\n        value_json = '{\"value\":{\"error\":\"stale element reference\",\"message\":\"stale element reference: stale element not found\\\\n  (Session info: headless chrome=119.0.6045.159)\",\"stacktrace\":\"\"}}'",
    "steps" : [ {
      "name" : "Navigate to Home page",
      "time" : {
        "start" : 1705931796036,
        "stop" : 1705931796729,
        "duration" : 693
      },
      "status" : "passed",
      "steps" : [ ],
      "attachments" : [ ],
      "parameters" : [ ],
      "attachmentsCount" : 0,
      "shouldDisplayMessage" : false,
      "stepsCount" : 0,
      "hasContent" : false
    }, {
      "name" : "Fill in valid username and password",
      "time" : {
        "start" : 1705931796729,
        "stop" : 1705931796881,
        "duration" : 152
      },
      "status" : "passed",
      "steps" : [ ],
      "attachments" : [ ],
      "parameters" : [ ],
      "attachmentsCount" : 0,
      "shouldDisplayMessage" : false,
      "stepsCount" : 0,
      "hasContent" : false
    }, {
      "name" : "Log in",
      "time" : {
        "start" : 1705931796881,
        "stop" : 1705931797356,
        "duration" : 475
      },
      "status" : "passed",
      "steps" : [ ],
      "attachments" : [ ],
      "parameters" : [ ],
      "attachmentsCount" : 0,
      "shouldDisplayMessage" : false,
      "stepsCount" : 0,
      "hasContent" : false
    }, {
      "name" : "Check number of accounts displayed in the table",
      "time" : {
        "start" : 1705931797356,
        "stop" : 1705931797908,
        "duration" : 552
      },
      "status" : "passed",
      "steps" : [ ],
      "attachments" : [ ],
      "parameters" : [ ],
      "attachmentsCount" : 0,
      "shouldDisplayMessage" : false,
      "stepsCount" : 0,
      "hasContent" : false
    }, {
      "name" : "Navigate to Open New Account page",
      "time" : {
        "start" : 1705931797908,
        "stop" : 1705931798116,
        "duration" : 208
      },
      "status" : "passed",
      "steps" : [ ],
      "attachments" : [ ],
      "parameters" : [ ],
      "attachmentsCount" : 0,
      "shouldDisplayMessage" : false,
      "stepsCount" : 0,
      "hasContent" : false
    }, {
      "name" : "Open new account",
      "time" : {
        "start" : 1705931798116,
        "stop" : 1705931798220,
        "duration" : 104
      },
      "status" : "broken",
      "statusMessage" : "selenium.common.exceptions.StaleElementReferenceException: Message: stale element reference: stale element not found\n  (Session info: headless chrome=119.0.6045.159); For documentation on this error, please visit: https://www.selenium.dev/documentation/webdriver/troubleshooting/errors#stale-element-reference-exception\n\n",
      "statusTrace" : "  File \"/usr/workspace/tests/core_features/test_account_display.py\", line 75, in test_new_account_display\n    open_new_account_page.from_account_dropdown.select_by_index(0)\n  File \"/usr/workspace/src/base/base_element.py\", line 46, in select_by_index\n    select.select_by_index(index)\n  File \"/usr/local/lib/python3.11/site-packages/selenium/webdriver/support/select.py\", line 97, in select_by_index\n    if opt.get_attribute(\"index\") == match:\n       ^^^^^^^^^^^^^^^^^^^^^^^^^^\n  File \"/usr/local/lib/python3.11/site-packages/selenium/webdriver/remote/webelement.py\", line 177, in get_attribute\n    attribute_value = self.parent.execute_script(\n                      ^^^^^^^^^^^^^^^^^^^^^^^^^^^\n  File \"/usr/local/lib/python3.11/site-packages/selenium/webdriver/remote/webdriver.py\", line 407, in execute_script\n    return self.execute(command, {\"script\": script, \"args\": converted_args})[\"value\"]\n           ^^^^^^^^^^^^^^^^^^^^^^^^^^^^^^^^^^^^^^^^^^^^^^^^^^^^^^^^^^^^^^^^^\n  File \"/usr/local/lib/python3.11/site-packages/selenium/webdriver/remote/webdriver.py\", line 347, in execute\n    self.error_handler.check_response(response)\n  File \"/usr/local/lib/python3.11/site-packages/selenium/webdriver/remote/errorhandler.py\", line 229, in check_response\n    raise exception_class(message, screen, stacktrace)\n",
      "steps" : [ ],
      "attachments" : [ ],
      "parameters" : [ ],
      "attachmentsCount" : 0,
      "shouldDisplayMessage" : true,
      "stepsCount" : 0,
      "hasContent" : true
    } ],
    "attachments" : [ ],
    "parameters" : [ ],
    "attachmentsCount" : 0,
    "shouldDisplayMessage" : true,
    "stepsCount" : 6,
    "hasContent" : true
  },
  "afterStages" : [ {
    "name" : "Initialize driver::0",
    "time" : {
      "start" : 1705931798247,
      "stop" : 1705931798303,
      "duration" : 56
    },
    "status" : "passed",
    "steps" : [ {
      "name" : "Terminate driver",
      "time" : {
        "start" : 1705931798247,
        "stop" : 1705931798303,
        "duration" : 56
      },
      "status" : "passed",
      "steps" : [ ],
      "attachments" : [ ],
      "parameters" : [ ],
      "attachmentsCount" : 0,
      "shouldDisplayMessage" : false,
      "stepsCount" : 0,
      "hasContent" : false
    } ],
    "attachments" : [ ],
    "parameters" : [ ],
    "attachmentsCount" : 0,
    "shouldDisplayMessage" : false,
    "stepsCount" : 1,
    "hasContent" : true
  } ],
  "labels" : [ {
    "name" : "severity",
    "value" : "Critical"
  }, {
    "name" : "epic",
    "value" : "PARA-15241: Account operations"
  }, {
    "name" : "feature",
    "value" : "PARA-15251: Account display in Accounts Overview table"
  }, {
    "name" : "parentSuite",
    "value" : "tests.core_features"
  }, {
    "name" : "suite",
    "value" : "test_account_display"
  }, {
    "name" : "subSuite",
    "value" : "TestAccountDisplay"
  }, {
    "name" : "host",
    "value" : "79368dec8273"
  }, {
    "name" : "thread",
    "value" : "1-MainThread"
  }, {
    "name" : "framework",
    "value" : "pytest"
  }, {
    "name" : "language",
    "value" : "cpython3"
  }, {
    "name" : "package",
    "value" : "tests.core_features.test_account_display"
  }, {
    "name" : "resultFormat",
    "value" : "allure2"
  } ],
  "parameters" : [ ],
  "links" : [ ],
  "hidden" : true,
  "retry" : true,
  "extra" : {
    "categories" : [ ],
    "tags" : [ ]
  },
  "source" : "d44a3eb32b511f58.json",
  "parameterValues" : [ ]
}