{
  "uid" : "d863d1a8a935cf1f",
  "name" : "Newly created account is displayed in the table",
  "fullName" : "tests.core_features.test_account_display.TestAccountDisplay#test_new_account_display",
  "historyId" : "63bec0651d7837f23a81ac9022330693",
  "time" : {
    "start" : 1704756515781,
    "stop" : 1704756518138,
    "duration" : 2357
  },
  "status" : "broken",
  "statusMessage" : "selenium.common.exceptions.StaleElementReferenceException: Message: stale element reference: stale element not found\n  (Session info: headless chrome=119.0.6045.159); For documentation on this error, please visit: https://www.selenium.dev/documentation/webdriver/troubleshooting/errors#stale-element-reference-exception",
  "statusTrace" : "tests/core_features/test_account_display.py:75: in test_new_account_display\n    open_new_account_page.from_account_dropdown.select_by_index(0)\n        accounts_overview_page = <src.pages.accounts_overview_page.AccountsOverviewPage object at 0x7f4f58d28c10>\n        driver     = <selenium.webdriver.chrome.webdriver.WebDriver (session=\"40262066fd5bf7a27519db8fdb654f58\")>\n        home_page  = <src.pages.home_page.HomePage object at 0x7f4f58d2b150>\n        initial_account_count = 18\n        open_new_account_page = <src.pages.open_new_account_page.OpenNewAccountPage object at 0x7f4f58cdc190>\n        self       = <test_account_display.TestAccountDisplay object at 0x7f4f5a028510>\nsrc/base/base_element.py:45: in select_by_index\n    select.select_by_index(index)\n        index      = 0\n        select     = <selenium.webdriver.support.select.Select object at 0x7f4f58d28ed0>\n        self       = <src.base.base_element.BaseElement object at 0x7f4f58caf210>\n../local/lib/python3.11/site-packages/selenium/webdriver/support/select.py:98: in select_by_index\n    self._set_selected(opt)\n        index      = 0\n        match      = '0'\n        opt        = <selenium.webdriver.remote.webelement.WebElement (session=\"40262066fd5bf7a27519db8fdb654f58\", element=\"74417A40AD8D4836C475056457A9B58A_element_127\")>\n        self       = <selenium.webdriver.support.select.Select object at 0x7f4f58d28ed0>\n../local/lib/python3.11/site-packages/selenium/webdriver/support/select.py:211: in _set_selected\n    if not option.is_selected():\n        option     = <selenium.webdriver.remote.webelement.WebElement (session=\"40262066fd5bf7a27519db8fdb654f58\", element=\"74417A40AD8D4836C475056457A9B58A_element_127\")>\n        self       = <selenium.webdriver.support.select.Select object at 0x7f4f58d28ed0>\n../local/lib/python3.11/site-packages/selenium/webdriver/remote/webelement.py:187: in is_selected\n    return self._execute(Command.IS_ELEMENT_SELECTED)[\"value\"]\n        self       = <selenium.webdriver.remote.webelement.WebElement (session=\"40262066fd5bf7a27519db8fdb654f58\", element=\"74417A40AD8D4836C475056457A9B58A_element_127\")>\n../local/lib/python3.11/site-packages/selenium/webdriver/remote/webelement.py:394: in _execute\n    return self._parent.execute(command, params)\n        command    = 'isElementSelected'\n        params     = {'id': '74417A40AD8D4836C475056457A9B58A_element_127'}\n        self       = <selenium.webdriver.remote.webelement.WebElement (session=\"40262066fd5bf7a27519db8fdb654f58\", element=\"74417A40AD8D4836C475056457A9B58A_element_127\")>\n../local/lib/python3.11/site-packages/selenium/webdriver/remote/webdriver.py:347: in execute\n    self.error_handler.check_response(response)\n        driver_command = 'isElementSelected'\n        params     = {}\n        response   = {'status': 404, 'value': '{\"value\":{\"error\":\"stale element reference\",\"message\":\"stale element reference: stale element not found\\\\n  (Session info: headless chrome=119.0.6045.159)\",\"stacktrace\":\"\"}}'}\n        self       = <selenium.webdriver.chrome.webdriver.WebDriver (session=\"40262066fd5bf7a27519db8fdb654f58\")>\n../local/lib/python3.11/site-packages/selenium/webdriver/remote/errorhandler.py:229: in check_response\n    raise exception_class(message, screen, stacktrace)\nE   selenium.common.exceptions.StaleElementReferenceException: Message: stale element reference: stale element not found\nE     (Session info: headless chrome=119.0.6045.159); For documentation on this error, please visit: https://www.selenium.dev/documentation/webdriver/troubleshooting/errors#stale-element-reference-exception\n        e          = <selenium.webdriver.remote.errorhandler.ErrorCode object at 0x7f4f58cac250>\n        error_code = 'STALE_ELEMENT_REFERENCE'\n        error_codes = ['ELEMENT_CLICK_INTERCEPTED', 'ELEMENT_IS_NOT_SELECTABLE', 'ELEMENT_NOT_INTERACTABLE', 'ELEMENT_NOT_VISIBLE', 'IME_ENGINE_ACTIVATION_FAILED', 'IME_NOT_AVAILABLE', ...]\n        error_info = [10, 'stale element reference']\n        exception_class = <class 'selenium.common.exceptions.StaleElementReferenceException'>\n        json       = <module 'json' from '/usr/local/lib/python3.11/json/__init__.py'>\n        message    = 'stale element reference: stale element not found\\n  (Session info: headless chrome=119.0.6045.159)'\n        response   = {'status': 404, 'value': '{\"value\":{\"error\":\"stale element reference\",\"message\":\"stale element reference: stale element not found\\\\n  (Session info: headless chrome=119.0.6045.159)\",\"stacktrace\":\"\"}}'}\n        screen     = None\n        self       = <selenium.webdriver.remote.errorhandler.ErrorHandler object at 0x7f4f58d28ad0>\n        st_value   = ''\n        stacktrace = None\n        status     = 'stale element reference'\n        value      = {'error': 'stale element reference', 'message': 'stale element reference: stale element not found\\n  (Session info: headless chrome=119.0.6045.159)', 'stacktrace': ''}\n        value_json = '{\"value\":{\"error\":\"stale element reference\",\"message\":\"stale element reference: stale element not found\\\\n  (Session info: headless chrome=119.0.6045.159)\",\"stacktrace\":\"\"}}'",
  "flaky" : false,
  "newFailed" : false,
  "beforeStages" : [ {
    "name" : "Initialize driver",
    "time" : {
      "start" : 1704756514939,
      "stop" : 1704756515781,
      "duration" : 842
    },
    "status" : "passed",
    "steps" : [ ],
    "attachments" : [ ],
    "parameters" : [ ],
    "attachmentsCount" : 0,
    "shouldDisplayMessage" : false,
    "stepsCount" : 0,
    "hasContent" : false
  }, {
    "name" : "Health check request",
    "time" : {
      "start" : 1704756489914,
      "stop" : 1704756490512,
      "duration" : 598
    },
    "status" : "passed",
    "steps" : [ ],
    "attachments" : [ ],
    "parameters" : [ ],
    "attachmentsCount" : 0,
    "shouldDisplayMessage" : false,
    "stepsCount" : 0,
    "hasContent" : false
  }, {
    "name" : "_session_faker",
    "time" : {
      "start" : 1704756489894,
      "stop" : 1704756489914,
      "duration" : 20
    },
    "status" : "passed",
    "steps" : [ ],
    "attachments" : [ ],
    "parameters" : [ ],
    "attachmentsCount" : 0,
    "shouldDisplayMessage" : false,
    "stepsCount" : 0,
    "hasContent" : false
  } ],
  "testStage" : {
    "status" : "broken",
    "statusMessage" : "selenium.common.exceptions.StaleElementReferenceException: Message: stale element reference: stale element not found\n  (Session info: headless chrome=119.0.6045.159); For documentation on this error, please visit: https://www.selenium.dev/documentation/webdriver/troubleshooting/errors#stale-element-reference-exception",
    "statusTrace" : "tests/core_features/test_account_display.py:75: in test_new_account_display\n    open_new_account_page.from_account_dropdown.select_by_index(0)\n        accounts_overview_page = <src.pages.accounts_overview_page.AccountsOverviewPage object at 0x7f4f58d28c10>\n        driver     = <selenium.webdriver.chrome.webdriver.WebDriver (session=\"40262066fd5bf7a27519db8fdb654f58\")>\n        home_page  = <src.pages.home_page.HomePage object at 0x7f4f58d2b150>\n        initial_account_count = 18\n        open_new_account_page = <src.pages.open_new_account_page.OpenNewAccountPage object at 0x7f4f58cdc190>\n        self       = <test_account_display.TestAccountDisplay object at 0x7f4f5a028510>\nsrc/base/base_element.py:45: in select_by_index\n    select.select_by_index(index)\n        index      = 0\n        select     = <selenium.webdriver.support.select.Select object at 0x7f4f58d28ed0>\n        self       = <src.base.base_element.BaseElement object at 0x7f4f58caf210>\n../local/lib/python3.11/site-packages/selenium/webdriver/support/select.py:98: in select_by_index\n    self._set_selected(opt)\n        index      = 0\n        match      = '0'\n        opt        = <selenium.webdriver.remote.webelement.WebElement (session=\"40262066fd5bf7a27519db8fdb654f58\", element=\"74417A40AD8D4836C475056457A9B58A_element_127\")>\n        self       = <selenium.webdriver.support.select.Select object at 0x7f4f58d28ed0>\n../local/lib/python3.11/site-packages/selenium/webdriver/support/select.py:211: in _set_selected\n    if not option.is_selected():\n        option     = <selenium.webdriver.remote.webelement.WebElement (session=\"40262066fd5bf7a27519db8fdb654f58\", element=\"74417A40AD8D4836C475056457A9B58A_element_127\")>\n        self       = <selenium.webdriver.support.select.Select object at 0x7f4f58d28ed0>\n../local/lib/python3.11/site-packages/selenium/webdriver/remote/webelement.py:187: in is_selected\n    return self._execute(Command.IS_ELEMENT_SELECTED)[\"value\"]\n        self       = <selenium.webdriver.remote.webelement.WebElement (session=\"40262066fd5bf7a27519db8fdb654f58\", element=\"74417A40AD8D4836C475056457A9B58A_element_127\")>\n../local/lib/python3.11/site-packages/selenium/webdriver/remote/webelement.py:394: in _execute\n    return self._parent.execute(command, params)\n        command    = 'isElementSelected'\n        params     = {'id': '74417A40AD8D4836C475056457A9B58A_element_127'}\n        self       = <selenium.webdriver.remote.webelement.WebElement (session=\"40262066fd5bf7a27519db8fdb654f58\", element=\"74417A40AD8D4836C475056457A9B58A_element_127\")>\n../local/lib/python3.11/site-packages/selenium/webdriver/remote/webdriver.py:347: in execute\n    self.error_handler.check_response(response)\n        driver_command = 'isElementSelected'\n        params     = {}\n        response   = {'status': 404, 'value': '{\"value\":{\"error\":\"stale element reference\",\"message\":\"stale element reference: stale element not found\\\\n  (Session info: headless chrome=119.0.6045.159)\",\"stacktrace\":\"\"}}'}\n        self       = <selenium.webdriver.chrome.webdriver.WebDriver (session=\"40262066fd5bf7a27519db8fdb654f58\")>\n../local/lib/python3.11/site-packages/selenium/webdriver/remote/errorhandler.py:229: in check_response\n    raise exception_class(message, screen, stacktrace)\nE   selenium.common.exceptions.StaleElementReferenceException: Message: stale element reference: stale element not found\nE     (Session info: headless chrome=119.0.6045.159); For documentation on this error, please visit: https://www.selenium.dev/documentation/webdriver/troubleshooting/errors#stale-element-reference-exception\n        e          = <selenium.webdriver.remote.errorhandler.ErrorCode object at 0x7f4f58cac250>\n        error_code = 'STALE_ELEMENT_REFERENCE'\n        error_codes = ['ELEMENT_CLICK_INTERCEPTED', 'ELEMENT_IS_NOT_SELECTABLE', 'ELEMENT_NOT_INTERACTABLE', 'ELEMENT_NOT_VISIBLE', 'IME_ENGINE_ACTIVATION_FAILED', 'IME_NOT_AVAILABLE', ...]\n        error_info = [10, 'stale element reference']\n        exception_class = <class 'selenium.common.exceptions.StaleElementReferenceException'>\n        json       = <module 'json' from '/usr/local/lib/python3.11/json/__init__.py'>\n        message    = 'stale element reference: stale element not found\\n  (Session info: headless chrome=119.0.6045.159)'\n        response   = {'status': 404, 'value': '{\"value\":{\"error\":\"stale element reference\",\"message\":\"stale element reference: stale element not found\\\\n  (Session info: headless chrome=119.0.6045.159)\",\"stacktrace\":\"\"}}'}\n        screen     = None\n        self       = <selenium.webdriver.remote.errorhandler.ErrorHandler object at 0x7f4f58d28ad0>\n        st_value   = ''\n        stacktrace = None\n        status     = 'stale element reference'\n        value      = {'error': 'stale element reference', 'message': 'stale element reference: stale element not found\\n  (Session info: headless chrome=119.0.6045.159)', 'stacktrace': ''}\n        value_json = '{\"value\":{\"error\":\"stale element reference\",\"message\":\"stale element reference: stale element not found\\\\n  (Session info: headless chrome=119.0.6045.159)\",\"stacktrace\":\"\"}}'",
    "steps" : [ {
      "name" : "Navigate to Home page",
      "time" : {
        "start" : 1704756515782,
        "stop" : 1704756516452,
        "duration" : 670
      },
      "status" : "passed",
      "steps" : [ ],
      "attachments" : [ ],
      "parameters" : [ ],
      "attachmentsCount" : 0,
      "shouldDisplayMessage" : false,
      "stepsCount" : 0,
      "hasContent" : false
    }, {
      "name" : "Fill in valid username and password",
      "time" : {
        "start" : 1704756516452,
        "stop" : 1704756516611,
        "duration" : 159
      },
      "status" : "passed",
      "steps" : [ ],
      "attachments" : [ ],
      "parameters" : [ ],
      "attachmentsCount" : 0,
      "shouldDisplayMessage" : false,
      "stepsCount" : 0,
      "hasContent" : false
    }, {
      "name" : "Log in",
      "time" : {
        "start" : 1704756516611,
        "stop" : 1704756517160,
        "duration" : 549
      },
      "status" : "passed",
      "steps" : [ ],
      "attachments" : [ ],
      "parameters" : [ ],
      "attachmentsCount" : 0,
      "shouldDisplayMessage" : false,
      "stepsCount" : 0,
      "hasContent" : false
    }, {
      "name" : "Check number of accounts displayed in the table",
      "time" : {
        "start" : 1704756517160,
        "stop" : 1704756517816,
        "duration" : 656
      },
      "status" : "passed",
      "steps" : [ ],
      "attachments" : [ ],
      "parameters" : [ ],
      "attachmentsCount" : 0,
      "shouldDisplayMessage" : false,
      "stepsCount" : 0,
      "hasContent" : false
    }, {
      "name" : "Navigate to Open New Account page",
      "time" : {
        "start" : 1704756517816,
        "stop" : 1704756518021,
        "duration" : 205
      },
      "status" : "passed",
      "steps" : [ ],
      "attachments" : [ ],
      "parameters" : [ ],
      "attachmentsCount" : 0,
      "shouldDisplayMessage" : false,
      "stepsCount" : 0,
      "hasContent" : false
    }, {
      "name" : "Open new account",
      "time" : {
        "start" : 1704756518021,
        "stop" : 1704756518137,
        "duration" : 116
      },
      "status" : "broken",
      "statusMessage" : "selenium.common.exceptions.StaleElementReferenceException: Message: stale element reference: stale element not found\n  (Session info: headless chrome=119.0.6045.159); For documentation on this error, please visit: https://www.selenium.dev/documentation/webdriver/troubleshooting/errors#stale-element-reference-exception\n\n",
      "statusTrace" : "  File \"/usr/workspace/tests/core_features/test_account_display.py\", line 75, in test_new_account_display\n    open_new_account_page.from_account_dropdown.select_by_index(0)\n  File \"/usr/workspace/src/base/base_element.py\", line 45, in select_by_index\n    select.select_by_index(index)\n  File \"/usr/local/lib/python3.11/site-packages/selenium/webdriver/support/select.py\", line 98, in select_by_index\n    self._set_selected(opt)\n  File \"/usr/local/lib/python3.11/site-packages/selenium/webdriver/support/select.py\", line 211, in _set_selected\n    if not option.is_selected():\n           ^^^^^^^^^^^^^^^^^^^^\n  File \"/usr/local/lib/python3.11/site-packages/selenium/webdriver/remote/webelement.py\", line 187, in is_selected\n    return self._execute(Command.IS_ELEMENT_SELECTED)[\"value\"]\n           ^^^^^^^^^^^^^^^^^^^^^^^^^^^^^^^^^^^^^^^^^^\n  File \"/usr/local/lib/python3.11/site-packages/selenium/webdriver/remote/webelement.py\", line 394, in _execute\n    return self._parent.execute(command, params)\n           ^^^^^^^^^^^^^^^^^^^^^^^^^^^^^^^^^^^^^\n  File \"/usr/local/lib/python3.11/site-packages/selenium/webdriver/remote/webdriver.py\", line 347, in execute\n    self.error_handler.check_response(response)\n  File \"/usr/local/lib/python3.11/site-packages/selenium/webdriver/remote/errorhandler.py\", line 229, in check_response\n    raise exception_class(message, screen, stacktrace)\n",
      "steps" : [ ],
      "attachments" : [ ],
      "parameters" : [ ],
      "attachmentsCount" : 0,
      "shouldDisplayMessage" : true,
      "stepsCount" : 0,
      "hasContent" : true
    } ],
    "attachments" : [ ],
    "parameters" : [ ],
    "attachmentsCount" : 0,
    "shouldDisplayMessage" : true,
    "stepsCount" : 6,
    "hasContent" : true
  },
  "afterStages" : [ {
    "name" : "Initialize driver::0",
    "time" : {
      "start" : 1704756518163,
      "stop" : 1704756518220,
      "duration" : 57
    },
    "status" : "passed",
    "steps" : [ {
      "name" : "Terminate driver",
      "time" : {
        "start" : 1704756518163,
        "stop" : 1704756518219,
        "duration" : 56
      },
      "status" : "passed",
      "steps" : [ ],
      "attachments" : [ ],
      "parameters" : [ ],
      "attachmentsCount" : 0,
      "shouldDisplayMessage" : false,
      "stepsCount" : 0,
      "hasContent" : false
    } ],
    "attachments" : [ ],
    "parameters" : [ ],
    "attachmentsCount" : 0,
    "shouldDisplayMessage" : false,
    "stepsCount" : 1,
    "hasContent" : true
  } ],
  "labels" : [ {
    "name" : "severity",
    "value" : "Critical"
  }, {
    "name" : "feature",
    "value" : "PARA-15251: Account display in Accounts Overview table"
  }, {
    "name" : "epic",
    "value" : "PARA-15241: Account operations"
  }, {
    "name" : "parentSuite",
    "value" : "tests.core_features"
  }, {
    "name" : "suite",
    "value" : "test_account_display"
  }, {
    "name" : "subSuite",
    "value" : "TestAccountDisplay"
  }, {
    "name" : "host",
    "value" : "4adcfedac879"
  }, {
    "name" : "thread",
    "value" : "1-MainThread"
  }, {
    "name" : "framework",
    "value" : "pytest"
  }, {
    "name" : "language",
    "value" : "cpython3"
  }, {
    "name" : "package",
    "value" : "tests.core_features.test_account_display"
  }, {
    "name" : "resultFormat",
    "value" : "allure2"
  } ],
  "parameters" : [ ],
  "links" : [ ],
  "hidden" : false,
  "retry" : false,
  "extra" : {
    "severity" : "critical",
    "retries" : [ {
      "uid" : "aef772026d216276",
      "status" : "broken",
      "statusDetails" : "selenium.common.exceptions.StaleElementReferenceException: Message: stale element reference: stale element not found\n  (Session info: headless chrome=119.0.6045.159); For documentation on this error, please visit: https://www.selenium.dev/documentation/webdriver/troubleshooting/errors#stale-element-reference-exception",
      "time" : {
        "start" : 1704756511529,
        "stop" : 1704756514856,
        "duration" : 3327
      }
    }, {
      "uid" : "1c907a0c7013c494",
      "status" : "broken",
      "statusDetails" : "selenium.common.exceptions.StaleElementReferenceException: Message: stale element reference: stale element not found\n  (Session info: headless chrome=119.0.6045.159); For documentation on this error, please visit: https://www.selenium.dev/documentation/webdriver/troubleshooting/errors#stale-element-reference-exception",
      "time" : {
        "start" : 1704756508261,
        "stop" : 1704756510596,
        "duration" : 2335
      }
    }, {
      "uid" : "500d1520a0645e19",
      "status" : "broken",
      "statusDetails" : "selenium.common.exceptions.StaleElementReferenceException: Message: stale element reference: stale element not found\n  (Session info: headless chrome=119.0.6045.159); For documentation on this error, please visit: https://www.selenium.dev/documentation/webdriver/troubleshooting/errors#stale-element-reference-exception",
      "time" : {
        "start" : 1704756504669,
        "stop" : 1704756507297,
        "duration" : 2628
      }
    } ],
    "categories" : [ {
      "name" : "Test defects",
      "matchedStatuses" : [ ],
      "flaky" : false
    } ],
    "tags" : [ ]
  },
  "source" : "d863d1a8a935cf1f.json",
  "parameterValues" : [ ]
}