{
  "uid" : "efa00ddd18d1df32",
  "name" : "User can transfer funds between accounts",
  "fullName" : "tests.core_features.test_funds_transfer.TestFundsTransfer#test_successful_funds_transfer",
  "historyId" : "9de203c446da32242737303068260b58",
  "time" : {
    "start" : 1704839513791,
    "stop" : 1704839515875,
    "duration" : 2084
  },
  "status" : "broken",
  "statusMessage" : "selenium.common.exceptions.StaleElementReferenceException: Message: stale element reference: stale element not found\n  (Session info: headless chrome=119.0.6045.159); For documentation on this error, please visit: https://www.selenium.dev/documentation/webdriver/troubleshooting/errors#stale-element-reference-exception",
  "statusTrace" : "tests/core_features/test_funds_transfer.py:42: in test_successful_funds_transfer\n    open_new_account_page.from_account_dropdown.select_by_index(0)\n        checked_user = NewUser(first_name='Sara', last_name='Jones', address='5086 Joseph Village\\nLake Amytown, WA 21246', city='South Suzan...ber='+1-365-872-0826', ssn='357-80-2692', username='jimmy32', password='M^%8CStflt', email='josephenglish@example.org')\n        driver     = <selenium.webdriver.chrome.webdriver.WebDriver (session=\"2f90359328d33709b76f7cc37708eeeb\")>\n        new_user   = NewUser(first_name='Sara', last_name='Jones', address='5086 Joseph Village\\nLake Amytown, WA 21246', city='South Suzan...ber='+1-365-872-0826', ssn='357-80-2692', username='jimmy32', password='M^%8CStflt', email='josephenglish@example.org')\n        open_new_account_page = <src.pages.open_new_account_page.OpenNewAccountPage object at 0x7f8dbcbbb610>\n        register_page = <src.pages.register_page.RegisterPage object at 0x7f8dbcc39850>\n        self       = <test_funds_transfer.TestFundsTransfer object at 0x7f8dbcc3ddd0>\nsrc/base/base_element.py:46: in select_by_index\n    select.select_by_index(index)\n        index      = 0\n        select     = <selenium.webdriver.support.select.Select object at 0x7f8dbcbb8f90>\n        self       = <src.base.base_element.BaseElement object at 0x7f8dbb5224d0>\n../local/lib/python3.11/site-packages/selenium/webdriver/support/select.py:98: in select_by_index\n    self._set_selected(opt)\n        index      = 0\n        match      = '0'\n        opt        = <selenium.webdriver.remote.webelement.WebElement (session=\"2f90359328d33709b76f7cc37708eeeb\", element=\"4E0079F1C50544DFC476A5B86C3153C6_element_124\")>\n        self       = <selenium.webdriver.support.select.Select object at 0x7f8dbcbb8f90>\n../local/lib/python3.11/site-packages/selenium/webdriver/support/select.py:211: in _set_selected\n    if not option.is_selected():\n        option     = <selenium.webdriver.remote.webelement.WebElement (session=\"2f90359328d33709b76f7cc37708eeeb\", element=\"4E0079F1C50544DFC476A5B86C3153C6_element_124\")>\n        self       = <selenium.webdriver.support.select.Select object at 0x7f8dbcbb8f90>\n../local/lib/python3.11/site-packages/selenium/webdriver/remote/webelement.py:187: in is_selected\n    return self._execute(Command.IS_ELEMENT_SELECTED)[\"value\"]\n        self       = <selenium.webdriver.remote.webelement.WebElement (session=\"2f90359328d33709b76f7cc37708eeeb\", element=\"4E0079F1C50544DFC476A5B86C3153C6_element_124\")>\n../local/lib/python3.11/site-packages/selenium/webdriver/remote/webelement.py:394: in _execute\n    return self._parent.execute(command, params)\n        command    = 'isElementSelected'\n        params     = {'id': '4E0079F1C50544DFC476A5B86C3153C6_element_124'}\n        self       = <selenium.webdriver.remote.webelement.WebElement (session=\"2f90359328d33709b76f7cc37708eeeb\", element=\"4E0079F1C50544DFC476A5B86C3153C6_element_124\")>\n../local/lib/python3.11/site-packages/selenium/webdriver/remote/webdriver.py:347: in execute\n    self.error_handler.check_response(response)\n        driver_command = 'isElementSelected'\n        params     = {}\n        response   = {'status': 404, 'value': '{\"value\":{\"error\":\"stale element reference\",\"message\":\"stale element reference: stale element not found\\\\n  (Session info: headless chrome=119.0.6045.159)\",\"stacktrace\":\"\"}}'}\n        self       = <selenium.webdriver.chrome.webdriver.WebDriver (session=\"2f90359328d33709b76f7cc37708eeeb\")>\n../local/lib/python3.11/site-packages/selenium/webdriver/remote/errorhandler.py:229: in check_response\n    raise exception_class(message, screen, stacktrace)\nE   selenium.common.exceptions.StaleElementReferenceException: Message: stale element reference: stale element not found\nE     (Session info: headless chrome=119.0.6045.159); For documentation on this error, please visit: https://www.selenium.dev/documentation/webdriver/troubleshooting/errors#stale-element-reference-exception\n        e          = <selenium.webdriver.remote.errorhandler.ErrorCode object at 0x7f8dbcc3b190>\n        error_code = 'STALE_ELEMENT_REFERENCE'\n        error_codes = ['ELEMENT_CLICK_INTERCEPTED', 'ELEMENT_IS_NOT_SELECTABLE', 'ELEMENT_NOT_INTERACTABLE', 'ELEMENT_NOT_VISIBLE', 'IME_ENGINE_ACTIVATION_FAILED', 'IME_NOT_AVAILABLE', ...]\n        error_info = [10, 'stale element reference']\n        exception_class = <class 'selenium.common.exceptions.StaleElementReferenceException'>\n        json       = <module 'json' from '/usr/local/lib/python3.11/json/__init__.py'>\n        message    = 'stale element reference: stale element not found\\n  (Session info: headless chrome=119.0.6045.159)'\n        response   = {'status': 404, 'value': '{\"value\":{\"error\":\"stale element reference\",\"message\":\"stale element reference: stale element not found\\\\n  (Session info: headless chrome=119.0.6045.159)\",\"stacktrace\":\"\"}}'}\n        screen     = None\n        self       = <selenium.webdriver.remote.errorhandler.ErrorHandler object at 0x7f8dbcbbb810>\n        st_value   = ''\n        stacktrace = None\n        status     = 'stale element reference'\n        value      = {'error': 'stale element reference', 'message': 'stale element reference: stale element not found\\n  (Session info: headless chrome=119.0.6045.159)', 'stacktrace': ''}\n        value_json = '{\"value\":{\"error\":\"stale element reference\",\"message\":\"stale element reference: stale element not found\\\\n  (Session info: headless chrome=119.0.6045.159)\",\"stacktrace\":\"\"}}'",
  "flaky" : false,
  "newFailed" : false,
  "beforeStages" : [ {
    "name" : "Health check request",
    "time" : {
      "start" : 1704839460802,
      "stop" : 1704839461263,
      "duration" : 461
    },
    "status" : "passed",
    "steps" : [ ],
    "attachments" : [ ],
    "parameters" : [ ],
    "attachmentsCount" : 0,
    "shouldDisplayMessage" : false,
    "stepsCount" : 0,
    "hasContent" : false
  }, {
    "name" : "Initialize driver",
    "time" : {
      "start" : 1704839512957,
      "stop" : 1704839513790,
      "duration" : 833
    },
    "status" : "passed",
    "steps" : [ ],
    "attachments" : [ ],
    "parameters" : [ ],
    "attachmentsCount" : 0,
    "shouldDisplayMessage" : false,
    "stepsCount" : 0,
    "hasContent" : false
  }, {
    "name" : "_session_faker",
    "time" : {
      "start" : 1704839460781,
      "stop" : 1704839460801,
      "duration" : 20
    },
    "status" : "passed",
    "steps" : [ ],
    "attachments" : [ ],
    "parameters" : [ ],
    "attachmentsCount" : 0,
    "shouldDisplayMessage" : false,
    "stepsCount" : 0,
    "hasContent" : false
  } ],
  "testStage" : {
    "status" : "broken",
    "statusMessage" : "selenium.common.exceptions.StaleElementReferenceException: Message: stale element reference: stale element not found\n  (Session info: headless chrome=119.0.6045.159); For documentation on this error, please visit: https://www.selenium.dev/documentation/webdriver/troubleshooting/errors#stale-element-reference-exception",
    "statusTrace" : "tests/core_features/test_funds_transfer.py:42: in test_successful_funds_transfer\n    open_new_account_page.from_account_dropdown.select_by_index(0)\n        checked_user = NewUser(first_name='Sara', last_name='Jones', address='5086 Joseph Village\\nLake Amytown, WA 21246', city='South Suzan...ber='+1-365-872-0826', ssn='357-80-2692', username='jimmy32', password='M^%8CStflt', email='josephenglish@example.org')\n        driver     = <selenium.webdriver.chrome.webdriver.WebDriver (session=\"2f90359328d33709b76f7cc37708eeeb\")>\n        new_user   = NewUser(first_name='Sara', last_name='Jones', address='5086 Joseph Village\\nLake Amytown, WA 21246', city='South Suzan...ber='+1-365-872-0826', ssn='357-80-2692', username='jimmy32', password='M^%8CStflt', email='josephenglish@example.org')\n        open_new_account_page = <src.pages.open_new_account_page.OpenNewAccountPage object at 0x7f8dbcbbb610>\n        register_page = <src.pages.register_page.RegisterPage object at 0x7f8dbcc39850>\n        self       = <test_funds_transfer.TestFundsTransfer object at 0x7f8dbcc3ddd0>\nsrc/base/base_element.py:46: in select_by_index\n    select.select_by_index(index)\n        index      = 0\n        select     = <selenium.webdriver.support.select.Select object at 0x7f8dbcbb8f90>\n        self       = <src.base.base_element.BaseElement object at 0x7f8dbb5224d0>\n../local/lib/python3.11/site-packages/selenium/webdriver/support/select.py:98: in select_by_index\n    self._set_selected(opt)\n        index      = 0\n        match      = '0'\n        opt        = <selenium.webdriver.remote.webelement.WebElement (session=\"2f90359328d33709b76f7cc37708eeeb\", element=\"4E0079F1C50544DFC476A5B86C3153C6_element_124\")>\n        self       = <selenium.webdriver.support.select.Select object at 0x7f8dbcbb8f90>\n../local/lib/python3.11/site-packages/selenium/webdriver/support/select.py:211: in _set_selected\n    if not option.is_selected():\n        option     = <selenium.webdriver.remote.webelement.WebElement (session=\"2f90359328d33709b76f7cc37708eeeb\", element=\"4E0079F1C50544DFC476A5B86C3153C6_element_124\")>\n        self       = <selenium.webdriver.support.select.Select object at 0x7f8dbcbb8f90>\n../local/lib/python3.11/site-packages/selenium/webdriver/remote/webelement.py:187: in is_selected\n    return self._execute(Command.IS_ELEMENT_SELECTED)[\"value\"]\n        self       = <selenium.webdriver.remote.webelement.WebElement (session=\"2f90359328d33709b76f7cc37708eeeb\", element=\"4E0079F1C50544DFC476A5B86C3153C6_element_124\")>\n../local/lib/python3.11/site-packages/selenium/webdriver/remote/webelement.py:394: in _execute\n    return self._parent.execute(command, params)\n        command    = 'isElementSelected'\n        params     = {'id': '4E0079F1C50544DFC476A5B86C3153C6_element_124'}\n        self       = <selenium.webdriver.remote.webelement.WebElement (session=\"2f90359328d33709b76f7cc37708eeeb\", element=\"4E0079F1C50544DFC476A5B86C3153C6_element_124\")>\n../local/lib/python3.11/site-packages/selenium/webdriver/remote/webdriver.py:347: in execute\n    self.error_handler.check_response(response)\n        driver_command = 'isElementSelected'\n        params     = {}\n        response   = {'status': 404, 'value': '{\"value\":{\"error\":\"stale element reference\",\"message\":\"stale element reference: stale element not found\\\\n  (Session info: headless chrome=119.0.6045.159)\",\"stacktrace\":\"\"}}'}\n        self       = <selenium.webdriver.chrome.webdriver.WebDriver (session=\"2f90359328d33709b76f7cc37708eeeb\")>\n../local/lib/python3.11/site-packages/selenium/webdriver/remote/errorhandler.py:229: in check_response\n    raise exception_class(message, screen, stacktrace)\nE   selenium.common.exceptions.StaleElementReferenceException: Message: stale element reference: stale element not found\nE     (Session info: headless chrome=119.0.6045.159); For documentation on this error, please visit: https://www.selenium.dev/documentation/webdriver/troubleshooting/errors#stale-element-reference-exception\n        e          = <selenium.webdriver.remote.errorhandler.ErrorCode object at 0x7f8dbcc3b190>\n        error_code = 'STALE_ELEMENT_REFERENCE'\n        error_codes = ['ELEMENT_CLICK_INTERCEPTED', 'ELEMENT_IS_NOT_SELECTABLE', 'ELEMENT_NOT_INTERACTABLE', 'ELEMENT_NOT_VISIBLE', 'IME_ENGINE_ACTIVATION_FAILED', 'IME_NOT_AVAILABLE', ...]\n        error_info = [10, 'stale element reference']\n        exception_class = <class 'selenium.common.exceptions.StaleElementReferenceException'>\n        json       = <module 'json' from '/usr/local/lib/python3.11/json/__init__.py'>\n        message    = 'stale element reference: stale element not found\\n  (Session info: headless chrome=119.0.6045.159)'\n        response   = {'status': 404, 'value': '{\"value\":{\"error\":\"stale element reference\",\"message\":\"stale element reference: stale element not found\\\\n  (Session info: headless chrome=119.0.6045.159)\",\"stacktrace\":\"\"}}'}\n        screen     = None\n        self       = <selenium.webdriver.remote.errorhandler.ErrorHandler object at 0x7f8dbcbbb810>\n        st_value   = ''\n        stacktrace = None\n        status     = 'stale element reference'\n        value      = {'error': 'stale element reference', 'message': 'stale element reference: stale element not found\\n  (Session info: headless chrome=119.0.6045.159)', 'stacktrace': ''}\n        value_json = '{\"value\":{\"error\":\"stale element reference\",\"message\":\"stale element reference: stale element not found\\\\n  (Session info: headless chrome=119.0.6045.159)\",\"stacktrace\":\"\"}}'",
    "steps" : [ {
      "name" : "Navigate to Register page",
      "time" : {
        "start" : 1704839513791,
        "stop" : 1704839514298,
        "duration" : 507
      },
      "status" : "passed",
      "steps" : [ ],
      "attachments" : [ ],
      "parameters" : [ ],
      "attachmentsCount" : 0,
      "shouldDisplayMessage" : false,
      "stepsCount" : 0,
      "hasContent" : false
    }, {
      "name" : "Register a new user",
      "time" : {
        "start" : 1704839514298,
        "stop" : 1704839515569,
        "duration" : 1271
      },
      "status" : "passed",
      "steps" : [ ],
      "attachments" : [ ],
      "parameters" : [ ],
      "attachmentsCount" : 0,
      "shouldDisplayMessage" : false,
      "stepsCount" : 0,
      "hasContent" : false
    }, {
      "name" : "Check registration is successful",
      "time" : {
        "start" : 1704839515569,
        "stop" : 1704839515606,
        "duration" : 37
      },
      "status" : "passed",
      "steps" : [ ],
      "attachments" : [ ],
      "parameters" : [ ],
      "attachmentsCount" : 0,
      "shouldDisplayMessage" : false,
      "stepsCount" : 0,
      "hasContent" : false
    }, {
      "name" : "Proceed to Open New Account page",
      "time" : {
        "start" : 1704839515606,
        "stop" : 1704839515793,
        "duration" : 187
      },
      "status" : "passed",
      "steps" : [ ],
      "attachments" : [ ],
      "parameters" : [ ],
      "attachmentsCount" : 0,
      "shouldDisplayMessage" : false,
      "stepsCount" : 0,
      "hasContent" : false
    }, {
      "name" : "Open new account",
      "time" : {
        "start" : 1704839515794,
        "stop" : 1704839515874,
        "duration" : 80
      },
      "status" : "broken",
      "statusMessage" : "selenium.common.exceptions.StaleElementReferenceException: Message: stale element reference: stale element not found\n  (Session info: headless chrome=119.0.6045.159); For documentation on this error, please visit: https://www.selenium.dev/documentation/webdriver/troubleshooting/errors#stale-element-reference-exception\n\n",
      "statusTrace" : "  File \"/usr/workspace/tests/core_features/test_funds_transfer.py\", line 42, in test_successful_funds_transfer\n    open_new_account_page.from_account_dropdown.select_by_index(0)\n  File \"/usr/workspace/src/base/base_element.py\", line 46, in select_by_index\n    select.select_by_index(index)\n  File \"/usr/local/lib/python3.11/site-packages/selenium/webdriver/support/select.py\", line 98, in select_by_index\n    self._set_selected(opt)\n  File \"/usr/local/lib/python3.11/site-packages/selenium/webdriver/support/select.py\", line 211, in _set_selected\n    if not option.is_selected():\n           ^^^^^^^^^^^^^^^^^^^^\n  File \"/usr/local/lib/python3.11/site-packages/selenium/webdriver/remote/webelement.py\", line 187, in is_selected\n    return self._execute(Command.IS_ELEMENT_SELECTED)[\"value\"]\n           ^^^^^^^^^^^^^^^^^^^^^^^^^^^^^^^^^^^^^^^^^^\n  File \"/usr/local/lib/python3.11/site-packages/selenium/webdriver/remote/webelement.py\", line 394, in _execute\n    return self._parent.execute(command, params)\n           ^^^^^^^^^^^^^^^^^^^^^^^^^^^^^^^^^^^^^\n  File \"/usr/local/lib/python3.11/site-packages/selenium/webdriver/remote/webdriver.py\", line 347, in execute\n    self.error_handler.check_response(response)\n  File \"/usr/local/lib/python3.11/site-packages/selenium/webdriver/remote/errorhandler.py\", line 229, in check_response\n    raise exception_class(message, screen, stacktrace)\n",
      "steps" : [ ],
      "attachments" : [ ],
      "parameters" : [ ],
      "attachmentsCount" : 0,
      "shouldDisplayMessage" : true,
      "stepsCount" : 0,
      "hasContent" : true
    } ],
    "attachments" : [ ],
    "parameters" : [ ],
    "attachmentsCount" : 0,
    "shouldDisplayMessage" : true,
    "stepsCount" : 5,
    "hasContent" : true
  },
  "afterStages" : [ {
    "name" : "Initialize driver::0",
    "time" : {
      "start" : 1704839515934,
      "stop" : 1704839515991,
      "duration" : 57
    },
    "status" : "passed",
    "steps" : [ {
      "name" : "Terminate driver",
      "time" : {
        "start" : 1704839515934,
        "stop" : 1704839515991,
        "duration" : 57
      },
      "status" : "passed",
      "steps" : [ ],
      "attachments" : [ ],
      "parameters" : [ ],
      "attachmentsCount" : 0,
      "shouldDisplayMessage" : false,
      "stepsCount" : 0,
      "hasContent" : false
    } ],
    "attachments" : [ ],
    "parameters" : [ ],
    "attachmentsCount" : 0,
    "shouldDisplayMessage" : false,
    "stepsCount" : 1,
    "hasContent" : true
  } ],
  "labels" : [ {
    "name" : "severity",
    "value" : "Critical"
  }, {
    "name" : "epic",
    "value" : "PARA-15242: Funds operations"
  }, {
    "name" : "feature",
    "value" : "PARA-15270: Funds transfer"
  }, {
    "name" : "tag",
    "value" : "smoke"
  }, {
    "name" : "parentSuite",
    "value" : "tests.core_features"
  }, {
    "name" : "suite",
    "value" : "test_funds_transfer"
  }, {
    "name" : "subSuite",
    "value" : "TestFundsTransfer"
  }, {
    "name" : "host",
    "value" : "3d908ae8aa0b"
  }, {
    "name" : "thread",
    "value" : "1-MainThread"
  }, {
    "name" : "framework",
    "value" : "pytest"
  }, {
    "name" : "language",
    "value" : "cpython3"
  }, {
    "name" : "package",
    "value" : "tests.core_features.test_funds_transfer"
  }, {
    "name" : "resultFormat",
    "value" : "allure2"
  } ],
  "parameters" : [ ],
  "links" : [ ],
  "hidden" : true,
  "retry" : true,
  "extra" : {
    "categories" : [ ],
    "tags" : [ "smoke" ]
  },
  "source" : "efa00ddd18d1df32.json",
  "parameterValues" : [ ]
}