{
  "uid" : "fcb4a427ff2c5790",
  "name" : "User can proceed from Home page to Register page",
  "fullName" : "tests.navigation.test_home_page_navigation.TestHomePageNavigation#test_navigation_home_to_register",
  "historyId" : "760683b04504f543bf2f3bd089df2a07",
  "time" : {
    "start" : 1705932002777,
    "stop" : 1705932029753,
    "duration" : 26976
  },
  "status" : "broken",
  "statusMessage" : "selenium.common.exceptions.TimeoutException: Message:",
  "statusTrace" : "tests/navigation/test_home_page_navigation.py:47: in test_navigation_home_to_register\n    home_page.register_link.click()\n        driver     = <selenium.webdriver.chrome.webdriver.WebDriver (session=\"2afa677e43c3d402a6fb254523f20e1c\")>\n        home_page  = <src.pages.home_page.HomePage object at 0x7fdd0d999090>\n        self       = <test_home_page_navigation.TestHomePageNavigation object at 0x7fdd0d977190>\nsrc/base/base_element.py:29: in click\n    element = self.assert_element(clickable=True)\n        self       = <src.base.base_element.BaseElement object at 0x7fdd0f3290d0>\nsrc/base/base_element.py:16: in assert_element\n    self.wait.until(EC.presence_of_element_located((\"xpath\", self.xpath)))\n        clickable  = True\n        return_many = False\n        self       = <src.base.base_element.BaseElement object at 0x7fdd0f3290d0>\n../local/lib/python3.11/site-packages/selenium/webdriver/support/wait.py:101: in until\n    raise TimeoutException(message, screen, stacktrace)\nE   selenium.common.exceptions.TimeoutException: Message:\n        end_time   = 450.531837072\n        message    = ''\n        method     = <function presence_of_element_located.<locals>._predicate at 0x7fdd10a0eca0>\n        screen     = None\n        self       = <selenium.webdriver.support.wait.WebDriverWait (session=\"2afa677e43c3d402a6fb254523f20e1c\")>\n        stacktrace = None",
  "flaky" : false,
  "newFailed" : false,
  "beforeStages" : [ {
    "name" : "Health check request",
    "time" : {
      "start" : 1705931782868,
      "stop" : 1705931783453,
      "duration" : 585
    },
    "status" : "passed",
    "steps" : [ ],
    "attachments" : [ ],
    "parameters" : [ ],
    "attachmentsCount" : 0,
    "shouldDisplayMessage" : false,
    "stepsCount" : 0,
    "hasContent" : false
  }, {
    "name" : "_session_faker",
    "time" : {
      "start" : 1705931782847,
      "stop" : 1705931782867,
      "duration" : 20
    },
    "status" : "passed",
    "steps" : [ ],
    "attachments" : [ ],
    "parameters" : [ ],
    "attachmentsCount" : 0,
    "shouldDisplayMessage" : false,
    "stepsCount" : 0,
    "hasContent" : false
  }, {
    "name" : "Initialize driver",
    "time" : {
      "start" : 1705932001939,
      "stop" : 1705932002776,
      "duration" : 837
    },
    "status" : "passed",
    "steps" : [ ],
    "attachments" : [ ],
    "parameters" : [ ],
    "attachmentsCount" : 0,
    "shouldDisplayMessage" : false,
    "stepsCount" : 0,
    "hasContent" : false
  } ],
  "testStage" : {
    "status" : "broken",
    "statusMessage" : "selenium.common.exceptions.TimeoutException: Message:",
    "statusTrace" : "tests/navigation/test_home_page_navigation.py:47: in test_navigation_home_to_register\n    home_page.register_link.click()\n        driver     = <selenium.webdriver.chrome.webdriver.WebDriver (session=\"2afa677e43c3d402a6fb254523f20e1c\")>\n        home_page  = <src.pages.home_page.HomePage object at 0x7fdd0d999090>\n        self       = <test_home_page_navigation.TestHomePageNavigation object at 0x7fdd0d977190>\nsrc/base/base_element.py:29: in click\n    element = self.assert_element(clickable=True)\n        self       = <src.base.base_element.BaseElement object at 0x7fdd0f3290d0>\nsrc/base/base_element.py:16: in assert_element\n    self.wait.until(EC.presence_of_element_located((\"xpath\", self.xpath)))\n        clickable  = True\n        return_many = False\n        self       = <src.base.base_element.BaseElement object at 0x7fdd0f3290d0>\n../local/lib/python3.11/site-packages/selenium/webdriver/support/wait.py:101: in until\n    raise TimeoutException(message, screen, stacktrace)\nE   selenium.common.exceptions.TimeoutException: Message:\n        end_time   = 450.531837072\n        message    = ''\n        method     = <function presence_of_element_located.<locals>._predicate at 0x7fdd10a0eca0>\n        screen     = None\n        self       = <selenium.webdriver.support.wait.WebDriverWait (session=\"2afa677e43c3d402a6fb254523f20e1c\")>\n        stacktrace = None",
    "steps" : [ {
      "name" : "Navigate to Home page",
      "time" : {
        "start" : 1705932002777,
        "stop" : 1705932014549,
        "duration" : 11772
      },
      "status" : "passed",
      "steps" : [ ],
      "attachments" : [ ],
      "parameters" : [ ],
      "attachmentsCount" : 0,
      "shouldDisplayMessage" : false,
      "stepsCount" : 0,
      "hasContent" : false
    }, {
      "name" : "Proceed to Register page via link",
      "time" : {
        "start" : 1705932014549,
        "stop" : 1705932029752,
        "duration" : 15203
      },
      "status" : "broken",
      "statusMessage" : "selenium.common.exceptions.TimeoutException: Message: \n\n",
      "statusTrace" : "  File \"/usr/workspace/tests/navigation/test_home_page_navigation.py\", line 47, in test_navigation_home_to_register\n    home_page.register_link.click()\n  File \"/usr/workspace/src/base/base_element.py\", line 29, in click\n    element = self.assert_element(clickable=True)\n              ^^^^^^^^^^^^^^^^^^^^^^^^^^^^^^^^^^^\n  File \"/usr/workspace/src/base/base_element.py\", line 16, in assert_element\n    self.wait.until(EC.presence_of_element_located((\"xpath\", self.xpath)))\n  File \"/usr/local/lib/python3.11/site-packages/selenium/webdriver/support/wait.py\", line 101, in until\n    raise TimeoutException(message, screen, stacktrace)\n",
      "steps" : [ ],
      "attachments" : [ ],
      "parameters" : [ ],
      "attachmentsCount" : 0,
      "shouldDisplayMessage" : true,
      "stepsCount" : 0,
      "hasContent" : true
    } ],
    "attachments" : [ ],
    "parameters" : [ ],
    "attachmentsCount" : 0,
    "shouldDisplayMessage" : true,
    "stepsCount" : 2,
    "hasContent" : true
  },
  "afterStages" : [ {
    "name" : "Initialize driver::0",
    "time" : {
      "start" : 1705932029761,
      "stop" : 1705932029816,
      "duration" : 55
    },
    "status" : "passed",
    "steps" : [ {
      "name" : "Terminate driver",
      "time" : {
        "start" : 1705932029761,
        "stop" : 1705932029816,
        "duration" : 55
      },
      "status" : "passed",
      "steps" : [ ],
      "attachments" : [ ],
      "parameters" : [ ],
      "attachmentsCount" : 0,
      "shouldDisplayMessage" : false,
      "stepsCount" : 0,
      "hasContent" : false
    } ],
    "attachments" : [ ],
    "parameters" : [ ],
    "attachmentsCount" : 0,
    "shouldDisplayMessage" : false,
    "stepsCount" : 1,
    "hasContent" : true
  } ],
  "labels" : [ {
    "name" : "epic",
    "value" : "PARA-15240: User registration and authentication"
  }, {
    "name" : "severity",
    "value" : "Normal"
  }, {
    "name" : "feature",
    "value" : "PARA-15264: Home page navigation"
  }, {
    "name" : "parentSuite",
    "value" : "tests.navigation"
  }, {
    "name" : "suite",
    "value" : "test_home_page_navigation"
  }, {
    "name" : "subSuite",
    "value" : "TestHomePageNavigation"
  }, {
    "name" : "host",
    "value" : "79368dec8273"
  }, {
    "name" : "thread",
    "value" : "1-MainThread"
  }, {
    "name" : "framework",
    "value" : "pytest"
  }, {
    "name" : "language",
    "value" : "cpython3"
  }, {
    "name" : "package",
    "value" : "tests.navigation.test_home_page_navigation"
  }, {
    "name" : "resultFormat",
    "value" : "allure2"
  } ],
  "parameters" : [ ],
  "links" : [ ],
  "hidden" : true,
  "retry" : true,
  "extra" : {
    "categories" : [ ],
    "tags" : [ ]
  },
  "source" : "fcb4a427ff2c5790.json",
  "parameterValues" : [ ]
}